<?xml version="1.0" encoding="utf-8"?>
<!DOCTYPE coverage SYSTEM "http://cobertura.sourceforge.net/xml/coverage-04.dtd">
<coverage line-rate="0.16754756871035942" branch-rate="0.04751131221719457" lines-covered="317" lines-valid="1892" branches-covered="21" branches-valid="442" complexity="548" version="0" timestamp="1651183737">
  <sources>
    <source>C:\Users\ASHFAK\</source>
  </sources>
  <packages>
    <package name="com.kafka" line-rate="0" branch-rate="0" complexity="33">
      <classes>
        <class name="com.kafka.Constants.KafkaTopics" filename="C:\Users\ASHFAK\source\repos\Hackfse_tweetApp\com.tweetapp\com.kafka\Constants\KafkaTopics.cs" line-rate="0" branch-rate="1" complexity="2">
          <methods>
            <method name="get_PostTweet" signature="()" line-rate="0" branch-rate="1" complexity="1">
              <lines>
                <line number="15" hits="0" branch="false" />
              </lines>
            </method>
            <method name="get_TweetPosted" signature="()" line-rate="0" branch-rate="1" complexity="1">
              <lines>
                <line number="20" hits="0" branch="false" />
              </lines>
            </method>
          </methods>
          <lines>
            <line number="15" hits="0" branch="false" />
            <line number="20" hits="0" branch="false" />
          </lines>
        </class>
        <class name="com.kafka.Consumer.KafkaConsumer`2" filename="C:\Users\ASHFAK\source\repos\Hackfse_tweetApp\com.tweetapp\com.kafka\Consumer\KafkaConsumer.cs" line-rate="0" branch-rate="0" complexity="10">
          <methods>
            <method name="Close" signature="()" line-rate="0" branch-rate="1" complexity="1">
              <lines>
                <line number="40" hits="0" branch="false" />
                <line number="41" hits="0" branch="false" />
                <line number="42" hits="0" branch="false" />
              </lines>
            </method>
            <method name="Dispose" signature="()" line-rate="0" branch-rate="1" complexity="1">
              <lines>
                <line number="45" hits="0" branch="false" />
                <line number="46" hits="0" branch="false" />
                <line number="47" hits="0" branch="false" />
              </lines>
            </method>
            <method name=".ctor" signature="(...)" line-rate="0" branch-rate="1" complexity="1">
              <lines>
                <line number="22" hits="0" branch="false" />
                <line number="23" hits="0" branch="false" />
                <line number="24" hits="0" branch="false" />
                <line number="25" hits="0" branch="false" />
                <line number="26" hits="0" branch="false" />
              </lines>
            </method>
            <method name="Consume" signature="()" line-rate="0" branch-rate="1" complexity="1">
              <lines>
                <line number="29" hits="0" branch="false" />
                <line number="30" hits="0" branch="false" />
                <line number="32" hits="0" branch="false" />
                <line number="33" hits="0" branch="false" />
                <line number="34" hits="0" branch="false" />
                <line number="36" hits="0" branch="false" />
                <line number="37" hits="0" branch="false" />
              </lines>
            </method>
            <method name="StartConsumerLoop" signature="()" line-rate="0" branch-rate="0" complexity="6">
              <lines>
                <line number="50" hits="0" branch="false" />
                <line number="51" hits="0" branch="false" />
                <line number="53" hits="0" branch="true" condition-coverage="0% (0/2)" />
                <line number="54" hits="0" branch="false" />
                <line number="56" hits="0" branch="false" />
                <line number="57" hits="0" branch="false" />
                <line number="59" hits="0" branch="true" condition-coverage="0% (0/2)" />
                <line number="60" hits="0" branch="false" />
                <line number="61" hits="0" branch="false" />
                <line number="62" hits="0" branch="false" />
                <line number="63" hits="0" branch="false" />
                <line number="64" hits="0" branch="false" />
                <line number="65" hits="0" branch="false" />
                <line number="66" hits="0" branch="false" />
                <line number="68" hits="0" branch="false" />
                <line number="69" hits="0" branch="false" />
                <line number="71" hits="0" branch="false" />
                <line number="73" hits="0" branch="true" condition-coverage="0% (0/2)" />
                <line number="74" hits="0" branch="false" />
                <line number="75" hits="0" branch="false" />
                <line number="77" hits="0" branch="false" />
                <line number="78" hits="0" branch="false" />
                <line number="79" hits="0" branch="false" />
                <line number="80" hits="0" branch="false" />
                <line number="81" hits="0" branch="false" />
                <line number="83" hits="0" branch="false" />
                <line number="84" hits="0" branch="false" />
              </lines>
            </method>
          </methods>
          <lines>
            <line number="22" hits="0" branch="false" />
            <line number="23" hits="0" branch="false" />
            <line number="24" hits="0" branch="false" />
            <line number="25" hits="0" branch="false" />
            <line number="26" hits="0" branch="false" />
            <line number="29" hits="0" branch="false" />
            <line number="30" hits="0" branch="false" />
            <line number="32" hits="0" branch="false" />
            <line number="33" hits="0" branch="false" />
            <line number="34" hits="0" branch="false" />
            <line number="36" hits="0" branch="false" />
            <line number="37" hits="0" branch="false" />
            <line number="40" hits="0" branch="false" />
            <line number="41" hits="0" branch="false" />
            <line number="42" hits="0" branch="false" />
            <line number="45" hits="0" branch="false" />
            <line number="46" hits="0" branch="false" />
            <line number="47" hits="0" branch="false" />
            <line number="50" hits="0" branch="false" />
            <line number="51" hits="0" branch="false" />
            <line number="53" hits="0" branch="true" condition-coverage="0% (0/2)" />
            <line number="54" hits="0" branch="false" />
            <line number="56" hits="0" branch="false" />
            <line number="57" hits="0" branch="false" />
            <line number="59" hits="0" branch="true" condition-coverage="0% (0/2)" />
            <line number="60" hits="0" branch="false" />
            <line number="61" hits="0" branch="false" />
            <line number="62" hits="0" branch="false" />
            <line number="63" hits="0" branch="false" />
            <line number="64" hits="0" branch="false" />
            <line number="65" hits="0" branch="false" />
            <line number="66" hits="0" branch="false" />
            <line number="68" hits="0" branch="false" />
            <line number="69" hits="0" branch="false" />
            <line number="71" hits="0" branch="false" />
            <line number="73" hits="0" branch="true" condition-coverage="0% (0/2)" />
            <line number="74" hits="0" branch="false" />
            <line number="75" hits="0" branch="false" />
            <line number="77" hits="0" branch="false" />
            <line number="78" hits="0" branch="false" />
            <line number="79" hits="0" branch="false" />
            <line number="80" hits="0" branch="false" />
            <line number="81" hits="0" branch="false" />
            <line number="83" hits="0" branch="false" />
            <line number="84" hits="0" branch="false" />
          </lines>
        </class>
        <class name="com.kafka.KafkaDeserializer`1" filename="C:\Users\ASHFAK\source\repos\Hackfse_tweetApp\com.tweetapp\com.kafka\KafkaDeserializer.cs" line-rate="0" branch-rate="0" complexity="6">
          <methods>
            <method name="Deserialize" signature="(...)" line-rate="0" branch-rate="0" complexity="6">
              <lines>
                <line number="12" hits="0" branch="false" />
                <line number="13" hits="0" branch="true" condition-coverage="0% (0/2)" />
                <line number="14" hits="0" branch="false" />
                <line number="15" hits="0" branch="true" condition-coverage="0% (0/2)" />
                <line number="16" hits="0" branch="false" />
                <line number="17" hits="0" branch="false" />
                <line number="20" hits="0" branch="true" condition-coverage="0% (0/2)" />
                <line number="21" hits="0" branch="false" />
                <line number="23" hits="0" branch="false" />
                <line number="25" hits="0" branch="false" />
                <line number="26" hits="0" branch="false" />
              </lines>
            </method>
          </methods>
          <lines>
            <line number="12" hits="0" branch="false" />
            <line number="13" hits="0" branch="true" condition-coverage="0% (0/2)" />
            <line number="14" hits="0" branch="false" />
            <line number="15" hits="0" branch="true" condition-coverage="0% (0/2)" />
            <line number="16" hits="0" branch="false" />
            <line number="17" hits="0" branch="false" />
            <line number="20" hits="0" branch="true" condition-coverage="0% (0/2)" />
            <line number="21" hits="0" branch="false" />
            <line number="23" hits="0" branch="false" />
            <line number="25" hits="0" branch="false" />
            <line number="26" hits="0" branch="false" />
          </lines>
        </class>
        <class name="com.kafka.KafkaSerializer`1" filename="C:\Users\ASHFAK\source\repos\Hackfse_tweetApp\com.tweetapp\com.kafka\KafkaSerializer.cs" line-rate="0" branch-rate="0" complexity="4">
          <methods>
            <method name="Serialize" signature="(...)" line-rate="0" branch-rate="0" complexity="4">
              <lines>
                <line number="12" hits="0" branch="false" />
                <line number="13" hits="0" branch="true" condition-coverage="0% (0/2)" />
                <line number="14" hits="0" branch="false" />
                <line number="16" hits="0" branch="true" condition-coverage="0% (0/2)" />
                <line number="17" hits="0" branch="false" />
                <line number="19" hits="0" branch="false" />
                <line number="21" hits="0" branch="false" />
                <line number="22" hits="0" branch="false" />
              </lines>
            </method>
          </methods>
          <lines>
            <line number="12" hits="0" branch="false" />
            <line number="13" hits="0" branch="true" condition-coverage="0% (0/2)" />
            <line number="14" hits="0" branch="false" />
            <line number="16" hits="0" branch="true" condition-coverage="0% (0/2)" />
            <line number="17" hits="0" branch="false" />
            <line number="19" hits="0" branch="false" />
            <line number="21" hits="0" branch="false" />
            <line number="22" hits="0" branch="false" />
          </lines>
        </class>
        <class name="com.kafka.Messages.Tweeting.KTag" filename="C:\Users\ASHFAK\source\repos\Hackfse_tweetApp\com.tweetapp\com.kafka\Messages\Tweeting\PostTweet.cs" line-rate="0" branch-rate="1" complexity="2">
          <methods>
            <method name="get_TaggedUser" signature="()" line-rate="0" branch-rate="1" complexity="1">
              <lines>
                <line number="17" hits="0" branch="false" />
              </lines>
            </method>
            <method name="get_IsNotified" signature="()" line-rate="0" branch-rate="1" complexity="1">
              <lines>
                <line number="18" hits="0" branch="false" />
              </lines>
            </method>
          </methods>
          <lines>
            <line number="17" hits="0" branch="false" />
            <line number="18" hits="0" branch="false" />
          </lines>
        </class>
        <class name="com.kafka.Messages.Tweeting.PostTweet" filename="C:\Users\ASHFAK\source\repos\Hackfse_tweetApp\com.tweetapp\com.kafka\Messages\Tweeting\PostTweet.cs" line-rate="0" branch-rate="1" complexity="5">
          <methods>
            <method name="get_LoginId" signature="()" line-rate="0" branch-rate="1" complexity="1">
              <lines>
                <line number="9" hits="0" branch="false" />
              </lines>
            </method>
            <method name="get_Text" signature="()" line-rate="0" branch-rate="1" complexity="1">
              <lines>
                <line number="10" hits="0" branch="false" />
              </lines>
            </method>
            <method name="get_CreatedTime" signature="()" line-rate="0" branch-rate="1" complexity="1">
              <lines>
                <line number="11" hits="0" branch="false" />
              </lines>
            </method>
            <method name="get_Likes" signature="()" line-rate="0" branch-rate="1" complexity="1">
              <lines>
                <line number="12" hits="0" branch="false" />
              </lines>
            </method>
            <method name="get_Tags" signature="()" line-rate="0" branch-rate="1" complexity="1">
              <lines>
                <line number="13" hits="0" branch="false" />
              </lines>
            </method>
          </methods>
          <lines>
            <line number="9" hits="0" branch="false" />
            <line number="10" hits="0" branch="false" />
            <line number="11" hits="0" branch="false" />
            <line number="12" hits="0" branch="false" />
            <line number="13" hits="0" branch="false" />
          </lines>
        </class>
        <class name="com.kafka.Messages.Tweeting.TweetPosted" filename="C:\Users\ASHFAK\source\repos\Hackfse_tweetApp\com.tweetapp\com.kafka\Messages\Tweeting\TweetPosted.cs" line-rate="0" branch-rate="1" complexity="1">
          <methods>
            <method name="get_TweetId" signature="()" line-rate="0" branch-rate="1" complexity="1">
              <lines>
                <line number="9" hits="0" branch="false" />
              </lines>
            </method>
          </methods>
          <lines>
            <line number="9" hits="0" branch="false" />
          </lines>
        </class>
        <class name="com.kafka.Producer.KafkaProducer`2" filename="C:\Users\ASHFAK\source\repos\Hackfse_tweetApp\com.tweetapp\com.kafka\Producer\KafkaProducer.cs" line-rate="0" branch-rate="1" complexity="3">
          <methods>
            <method name="Dispose" signature="()" line-rate="0" branch-rate="1" complexity="1">
              <lines>
                <line number="25" hits="0" branch="false" />
                <line number="26" hits="0" branch="false" />
                <line number="27" hits="0" branch="false" />
                <line number="28" hits="0" branch="false" />
              </lines>
            </method>
            <method name=".ctor" signature="(...)" line-rate="0" branch-rate="1" complexity="1">
              <lines>
                <line number="14" hits="0" branch="false" />
                <line number="15" hits="0" branch="false" />
                <line number="16" hits="0" branch="false" />
                <line number="17" hits="0" branch="false" />
              </lines>
            </method>
            <method name="ProduceAsync" signature="()" line-rate="0" branch-rate="1" complexity="1">
              <lines>
                <line number="20" hits="0" branch="false" />
                <line number="21" hits="0" branch="false" />
                <line number="22" hits="0" branch="false" />
              </lines>
            </method>
          </methods>
          <lines>
            <line number="14" hits="0" branch="false" />
            <line number="15" hits="0" branch="false" />
            <line number="16" hits="0" branch="false" />
            <line number="17" hits="0" branch="false" />
            <line number="20" hits="0" branch="false" />
            <line number="21" hits="0" branch="false" />
            <line number="22" hits="0" branch="false" />
            <line number="25" hits="0" branch="false" />
            <line number="26" hits="0" branch="false" />
            <line number="27" hits="0" branch="false" />
            <line number="28" hits="0" branch="false" />
          </lines>
        </class>
      </classes>
    </package>
    <package name="com.tweetapp" line-rate="0.10030211480362537" branch-rate="0.04929577464788732" complexity="498">
      <classes>
        <class name="com.tweetapp.Controllers.TweetController" filename="C:\Users\ASHFAK\source\repos\Hackfse_tweetApp\com.tweetapp\com.tweetapp\Controllers\TweetController.cs" line-rate="0" branch-rate="0" complexity="105">
          <methods>
            <method name=".ctor" signature="(...)" line-rate="0" branch-rate="1" complexity="1">
              <lines>
                <line number="28" hits="0" branch="false" />
                <line number="29" hits="0" branch="false" />
                <line number="30" hits="0" branch="false" />
                <line number="31" hits="0" branch="false" />
                <line number="32" hits="0" branch="false" />
                <line number="33" hits="0" branch="false" />
                <line number="34" hits="0" branch="false" />
                <line number="35" hits="0" branch="false" />
                <line number="36" hits="0" branch="false" />
              </lines>
            </method>
            <method name="Login" signature="()" line-rate="0" branch-rate="0" complexity="10">
              <lines>
                <line number="41" hits="0" branch="false" />
                <line number="43" hits="0" branch="false" />
                <line number="44" hits="0" branch="true" condition-coverage="0% (0/4)" />
                <line number="45" hits="0" branch="false" />
                <line number="46" hits="0" branch="false" />
                <line number="48" hits="0" branch="false" />
                <line number="49" hits="0" branch="true" condition-coverage="0% (0/2)" />
                <line number="50" hits="0" branch="false" />
                <line number="51" hits="0" branch="false" />
                <line number="52" hits="0" branch="true" condition-coverage="0% (0/2)" />
                <line number="53" hits="0" branch="false" />
                <line number="55" hits="0" branch="false" />
                <line number="57" hits="0" branch="true" condition-coverage="0% (0/2)" />
                <line number="58" hits="0" branch="false" />
                <line number="59" hits="0" branch="false" />
                <line number="62" hits="0" branch="false" />
                <line number="63" hits="0" branch="false" />
                <line number="67" hits="0" branch="false" />
                <line number="69" hits="0" branch="false" />
                <line number="70" hits="0" branch="false" />
                <line number="71" hits="0" branch="false" />
                <line number="72" hits="0" branch="false" />
                <line number="74" hits="0" branch="false" />
              </lines>
            </method>
            <method name="Register" signature="()" line-rate="0" branch-rate="0" complexity="8">
              <lines>
                <line number="80" hits="0" branch="false" />
                <line number="82" hits="0" branch="false" />
                <line number="83" hits="0" branch="true" condition-coverage="0% (0/2)" />
                <line number="84" hits="0" branch="false" />
                <line number="85" hits="0" branch="false" />
                <line number="87" hits="0" branch="false" />
                <line number="89" hits="0" branch="true" condition-coverage="0% (0/2)" />
                <line number="90" hits="0" branch="false" />
                <line number="91" hits="0" branch="true" condition-coverage="0% (0/2)" />
                <line number="92" hits="0" branch="false" />
                <line number="93" hits="0" branch="true" condition-coverage="0% (0/2)" />
                <line number="94" hits="0" branch="false" />
                <line number="96" hits="0" branch="false" />
                <line number="98" hits="0" branch="false" />
                <line number="100" hits="0" branch="false" />
                <line number="101" hits="0" branch="false" />
                <line number="102" hits="0" branch="false" />
                <line number="103" hits="0" branch="false" />
                <line number="105" hits="0" branch="false" />
              </lines>
            </method>
            <method name="ValidateOtp" signature="()" line-rate="0" branch-rate="0" complexity="8">
              <lines>
                <line number="111" hits="0" branch="false" />
                <line number="113" hits="0" branch="false" />
                <line number="114" hits="0" branch="false" />
                <line number="115" hits="0" branch="true" condition-coverage="0% (0/2)" />
                <line number="116" hits="0" branch="false" />
                <line number="117" hits="0" branch="true" condition-coverage="0% (0/4)" />
                <line number="118" hits="0" branch="false" />
                <line number="119" hits="0" branch="true" condition-coverage="0% (0/2)" />
                <line number="120" hits="0" branch="false" />
                <line number="122" hits="0" branch="false" />
                <line number="124" hits="0" branch="false" />
                <line number="126" hits="0" branch="false" />
                <line number="127" hits="0" branch="false" />
                <line number="128" hits="0" branch="false" />
                <line number="129" hits="0" branch="false" />
                <line number="131" hits="0" branch="false" />
              </lines>
            </method>
            <method name="SendVerificationMail" signature="()" line-rate="0" branch-rate="0" complexity="8">
              <lines>
                <line number="136" hits="0" branch="false" />
                <line number="138" hits="0" branch="false" />
                <line number="139" hits="0" branch="true" condition-coverage="0% (0/2)" />
                <line number="140" hits="0" branch="false" />
                <line number="141" hits="0" branch="false" />
                <line number="143" hits="0" branch="true" condition-coverage="0% (0/2)" />
                <line number="144" hits="0" branch="false" />
                <line number="145" hits="0" branch="true" condition-coverage="0% (0/2)" />
                <line number="146" hits="0" branch="false" />
                <line number="147" hits="0" branch="true" condition-coverage="0% (0/2)" />
                <line number="148" hits="0" branch="false" />
                <line number="150" hits="0" branch="false" />
                <line number="152" hits="0" branch="false" />
                <line number="154" hits="0" branch="false" />
                <line number="155" hits="0" branch="false" />
                <line number="156" hits="0" branch="false" />
                <line number="157" hits="0" branch="false" />
                <line number="159" hits="0" branch="false" />
              </lines>
            </method>
            <method name="ForgotPassword" signature="()" line-rate="0" branch-rate="0" complexity="8">
              <lines>
                <line number="165" hits="0" branch="false" />
                <line number="167" hits="0" branch="false" />
                <line number="168" hits="0" branch="false" />
                <line number="170" hits="0" branch="false" />
                <line number="171" hits="0" branch="true" condition-coverage="0% (0/2)" />
                <line number="172" hits="0" branch="false" />
                <line number="173" hits="0" branch="false" />
                <line number="175" hits="0" branch="true" condition-coverage="0% (0/4)" />
                <line number="176" hits="0" branch="false" />
                <line number="177" hits="0" branch="true" condition-coverage="0% (0/2)" />
                <line number="178" hits="0" branch="false" />
                <line number="180" hits="0" branch="false" />
                <line number="183" hits="0" branch="false" />
                <line number="184" hits="0" branch="false" />
                <line number="188" hits="0" branch="false" />
                <line number="189" hits="0" branch="false" />
                <line number="190" hits="0" branch="false" />
                <line number="191" hits="0" branch="false" />
                <line number="193" hits="0" branch="false" />
              </lines>
            </method>
            <method name="GetAllUsers" signature="()" line-rate="0" branch-rate="0" complexity="2">
              <lines>
                <line number="199" hits="0" branch="false" />
                <line number="201" hits="0" branch="false" />
                <line number="202" hits="0" branch="false" />
                <line number="203" hits="0" branch="true" condition-coverage="0% (0/2)" />
                <line number="204" hits="0" branch="false" />
                <line number="205" hits="0" branch="false" />
                <line number="207" hits="0" branch="false" />
                <line number="208" hits="0" branch="false" />
                <line number="209" hits="0" branch="false" />
                <line number="210" hits="0" branch="false" />
                <line number="212" hits="0" branch="false" />
              </lines>
            </method>
            <method name="GetCurrentUserDetails" signature="()" line-rate="0" branch-rate="0" complexity="4">
              <lines>
                <line number="218" hits="0" branch="false" />
                <line number="220" hits="0" branch="false" />
                <line number="221" hits="0" branch="false" />
                <line number="222" hits="0" branch="true" condition-coverage="0% (0/2)" />
                <line number="223" hits="0" branch="false" />
                <line number="224" hits="0" branch="false" />
                <line number="225" hits="0" branch="true" condition-coverage="0% (0/2)" />
                <line number="226" hits="0" branch="false" />
                <line number="227" hits="0" branch="false" />
                <line number="229" hits="0" branch="false" />
                <line number="231" hits="0" branch="false" />
                <line number="232" hits="0" branch="false" />
                <line number="233" hits="0" branch="false" />
                <line number="234" hits="0" branch="false" />
                <line number="236" hits="0" branch="false" />
              </lines>
            </method>
            <method name="SearchUser" signature="()" line-rate="0" branch-rate="0" complexity="4">
              <lines>
                <line number="242" hits="0" branch="false" />
                <line number="244" hits="0" branch="false" />
                <line number="245" hits="0" branch="true" condition-coverage="0% (0/2)" />
                <line number="246" hits="0" branch="false" />
                <line number="247" hits="0" branch="false" />
                <line number="248" hits="0" branch="true" condition-coverage="0% (0/2)" />
                <line number="249" hits="0" branch="false" />
                <line number="250" hits="0" branch="false" />
                <line number="253" hits="0" branch="false" />
                <line number="255" hits="0" branch="false" />
                <line number="256" hits="0" branch="false" />
                <line number="257" hits="0" branch="false" />
                <line number="258" hits="0" branch="false" />
                <line number="260" hits="0" branch="false" />
              </lines>
            </method>
            <method name="GetAllTweets" signature="()" line-rate="0" branch-rate="0" complexity="2">
              <lines>
                <line number="268" hits="0" branch="false" />
                <line number="270" hits="0" branch="false" />
                <line number="271" hits="0" branch="false" />
                <line number="272" hits="0" branch="true" condition-coverage="0% (0/2)" />
                <line number="273" hits="0" branch="false" />
                <line number="274" hits="0" branch="false" />
                <line number="276" hits="0" branch="false" />
                <line number="277" hits="0" branch="false" />
                <line number="278" hits="0" branch="false" />
                <line number="279" hits="0" branch="false" />
                <line number="281" hits="0" branch="false" />
              </lines>
            </method>
            <method name="GetTweetsByUser" signature="()" line-rate="0" branch-rate="0" complexity="4">
              <lines>
                <line number="287" hits="0" branch="false" />
                <line number="289" hits="0" branch="false" />
                <line number="290" hits="0" branch="true" condition-coverage="0% (0/2)" />
                <line number="291" hits="0" branch="false" />
                <line number="292" hits="0" branch="false" />
                <line number="293" hits="0" branch="true" condition-coverage="0% (0/2)" />
                <line number="294" hits="0" branch="false" />
                <line number="295" hits="0" branch="false" />
                <line number="297" hits="0" branch="false" />
                <line number="299" hits="0" branch="false" />
                <line number="300" hits="0" branch="false" />
                <line number="301" hits="0" branch="false" />
                <line number="302" hits="0" branch="false" />
                <line number="304" hits="0" branch="false" />
              </lines>
            </method>
            <method name="CreateTweet" signature="()" line-rate="0" branch-rate="0" complexity="8">
              <lines>
                <line number="310" hits="0" branch="false" />
                <line number="312" hits="0" branch="false" />
                <line number="313" hits="0" branch="true" condition-coverage="0% (0/2)" />
                <line number="314" hits="0" branch="false" />
                <line number="315" hits="0" branch="false" />
                <line number="317" hits="0" branch="false" />
                <line number="318" hits="0" branch="true" condition-coverage="0% (0/4)" />
                <line number="319" hits="0" branch="false" />
                <line number="320" hits="0" branch="true" condition-coverage="0% (0/2)" />
                <line number="321" hits="0" branch="false" />
                <line number="323" hits="0" branch="false" />
                <line number="325" hits="0" branch="false" />
                <line number="327" hits="0" branch="false" />
                <line number="329" hits="0" branch="false" />
                <line number="330" hits="0" branch="false" />
                <line number="331" hits="0" branch="false" />
                <line number="332" hits="0" branch="false" />
                <line number="334" hits="0" branch="false" />
              </lines>
            </method>
            <method name="UpdateTweet" signature="()" line-rate="0" branch-rate="0" complexity="12">
              <lines>
                <line number="340" hits="0" branch="false" />
                <line number="342" hits="0" branch="false" />
                <line number="343" hits="0" branch="true" condition-coverage="0% (0/6)" />
                <line number="344" hits="0" branch="false" />
                <line number="345" hits="0" branch="false" />
                <line number="347" hits="0" branch="false" />
                <line number="348" hits="0" branch="true" condition-coverage="0% (0/4)" />
                <line number="349" hits="0" branch="false" />
                <line number="350" hits="0" branch="true" condition-coverage="0% (0/2)" />
                <line number="351" hits="0" branch="false" />
                <line number="353" hits="0" branch="false" />
                <line number="355" hits="0" branch="false" />
                <line number="357" hits="0" branch="false" />
                <line number="359" hits="0" branch="false" />
                <line number="360" hits="0" branch="false" />
                <line number="361" hits="0" branch="false" />
                <line number="362" hits="0" branch="false" />
                <line number="364" hits="0" branch="false" />
              </lines>
            </method>
            <method name="DeleteTweet" signature="()" line-rate="0" branch-rate="0" complexity="8">
              <lines>
                <line number="370" hits="0" branch="false" />
                <line number="372" hits="0" branch="false" />
                <line number="373" hits="0" branch="true" condition-coverage="0% (0/4)" />
                <line number="374" hits="0" branch="false" />
                <line number="375" hits="0" branch="false" />
                <line number="376" hits="0" branch="true" condition-coverage="0% (0/2)" />
                <line number="377" hits="0" branch="false" />
                <line number="378" hits="0" branch="true" condition-coverage="0% (0/2)" />
                <line number="379" hits="0" branch="false" />
                <line number="381" hits="0" branch="false" />
                <line number="383" hits="0" branch="false" />
                <line number="385" hits="0" branch="false" />
                <line number="387" hits="0" branch="false" />
                <line number="388" hits="0" branch="false" />
                <line number="389" hits="0" branch="false" />
                <line number="390" hits="0" branch="false" />
                <line number="392" hits="0" branch="false" />
              </lines>
            </method>
            <method name="LikeTweet" signature="()" line-rate="0" branch-rate="0" complexity="8">
              <lines>
                <line number="398" hits="0" branch="false" />
                <line number="400" hits="0" branch="false" />
                <line number="401" hits="0" branch="true" condition-coverage="0% (0/4)" />
                <line number="402" hits="0" branch="false" />
                <line number="403" hits="0" branch="false" />
                <line number="404" hits="0" branch="true" condition-coverage="0% (0/2)" />
                <line number="405" hits="0" branch="false" />
                <line number="406" hits="0" branch="true" condition-coverage="0% (0/2)" />
                <line number="407" hits="0" branch="false" />
                <line number="409" hits="0" branch="false" />
                <line number="411" hits="0" branch="false" />
                <line number="414" hits="0" branch="false" />
                <line number="416" hits="0" branch="false" />
                <line number="417" hits="0" branch="false" />
                <line number="418" hits="0" branch="false" />
                <line number="419" hits="0" branch="false" />
                <line number="421" hits="0" branch="false" />
              </lines>
            </method>
            <method name="ReplyToTweet" signature="()" line-rate="0" branch-rate="0" complexity="10">
              <lines>
                <line number="427" hits="0" branch="false" />
                <line number="429" hits="0" branch="false" />
                <line number="430" hits="0" branch="true" condition-coverage="0% (0/4)" />
                <line number="431" hits="0" branch="false" />
                <line number="432" hits="0" branch="false" />
                <line number="434" hits="0" branch="false" />
                <line number="435" hits="0" branch="true" condition-coverage="0% (0/4)" />
                <line number="436" hits="0" branch="false" />
                <line number="437" hits="0" branch="true" condition-coverage="0% (0/2)" />
                <line number="438" hits="0" branch="false" />
                <line number="440" hits="0" branch="false" />
                <line number="442" hits="0" branch="false" />
                <line number="444" hits="0" branch="false" />
                <line number="446" hits="0" branch="false" />
                <line number="447" hits="0" branch="false" />
                <line number="448" hits="0" branch="false" />
                <line number="449" hits="0" branch="false" />
                <line number="451" hits="0" branch="false" />
              </lines>
            </method>
          </methods>
          <lines>
            <line number="28" hits="0" branch="false" />
            <line number="29" hits="0" branch="false" />
            <line number="30" hits="0" branch="false" />
            <line number="31" hits="0" branch="false" />
            <line number="32" hits="0" branch="false" />
            <line number="33" hits="0" branch="false" />
            <line number="34" hits="0" branch="false" />
            <line number="35" hits="0" branch="false" />
            <line number="36" hits="0" branch="false" />
            <line number="41" hits="0" branch="false" />
            <line number="43" hits="0" branch="false" />
            <line number="44" hits="0" branch="true" condition-coverage="0% (0/4)" />
            <line number="45" hits="0" branch="false" />
            <line number="46" hits="0" branch="false" />
            <line number="48" hits="0" branch="false" />
            <line number="49" hits="0" branch="true" condition-coverage="0% (0/2)" />
            <line number="50" hits="0" branch="false" />
            <line number="51" hits="0" branch="false" />
            <line number="52" hits="0" branch="true" condition-coverage="0% (0/2)" />
            <line number="53" hits="0" branch="false" />
            <line number="55" hits="0" branch="false" />
            <line number="57" hits="0" branch="true" condition-coverage="0% (0/2)" />
            <line number="58" hits="0" branch="false" />
            <line number="59" hits="0" branch="false" />
            <line number="62" hits="0" branch="false" />
            <line number="63" hits="0" branch="false" />
            <line number="67" hits="0" branch="false" />
            <line number="69" hits="0" branch="false" />
            <line number="70" hits="0" branch="false" />
            <line number="71" hits="0" branch="false" />
            <line number="72" hits="0" branch="false" />
            <line number="74" hits="0" branch="false" />
            <line number="80" hits="0" branch="false" />
            <line number="82" hits="0" branch="false" />
            <line number="83" hits="0" branch="true" condition-coverage="0% (0/2)" />
            <line number="84" hits="0" branch="false" />
            <line number="85" hits="0" branch="false" />
            <line number="87" hits="0" branch="false" />
            <line number="89" hits="0" branch="true" condition-coverage="0% (0/2)" />
            <line number="90" hits="0" branch="false" />
            <line number="91" hits="0" branch="true" condition-coverage="0% (0/2)" />
            <line number="92" hits="0" branch="false" />
            <line number="93" hits="0" branch="true" condition-coverage="0% (0/2)" />
            <line number="94" hits="0" branch="false" />
            <line number="96" hits="0" branch="false" />
            <line number="98" hits="0" branch="false" />
            <line number="100" hits="0" branch="false" />
            <line number="101" hits="0" branch="false" />
            <line number="102" hits="0" branch="false" />
            <line number="103" hits="0" branch="false" />
            <line number="105" hits="0" branch="false" />
            <line number="111" hits="0" branch="false" />
            <line number="113" hits="0" branch="false" />
            <line number="114" hits="0" branch="false" />
            <line number="115" hits="0" branch="true" condition-coverage="0% (0/2)" />
            <line number="116" hits="0" branch="false" />
            <line number="117" hits="0" branch="true" condition-coverage="0% (0/4)" />
            <line number="118" hits="0" branch="false" />
            <line number="119" hits="0" branch="true" condition-coverage="0% (0/2)" />
            <line number="120" hits="0" branch="false" />
            <line number="122" hits="0" branch="false" />
            <line number="124" hits="0" branch="false" />
            <line number="126" hits="0" branch="false" />
            <line number="127" hits="0" branch="false" />
            <line number="128" hits="0" branch="false" />
            <line number="129" hits="0" branch="false" />
            <line number="131" hits="0" branch="false" />
            <line number="136" hits="0" branch="false" />
            <line number="138" hits="0" branch="false" />
            <line number="139" hits="0" branch="true" condition-coverage="0% (0/2)" />
            <line number="140" hits="0" branch="false" />
            <line number="141" hits="0" branch="false" />
            <line number="143" hits="0" branch="true" condition-coverage="0% (0/2)" />
            <line number="144" hits="0" branch="false" />
            <line number="145" hits="0" branch="true" condition-coverage="0% (0/2)" />
            <line number="146" hits="0" branch="false" />
            <line number="147" hits="0" branch="true" condition-coverage="0% (0/2)" />
            <line number="148" hits="0" branch="false" />
            <line number="150" hits="0" branch="false" />
            <line number="152" hits="0" branch="false" />
            <line number="154" hits="0" branch="false" />
            <line number="155" hits="0" branch="false" />
            <line number="156" hits="0" branch="false" />
            <line number="157" hits="0" branch="false" />
            <line number="159" hits="0" branch="false" />
            <line number="165" hits="0" branch="false" />
            <line number="167" hits="0" branch="false" />
            <line number="168" hits="0" branch="false" />
            <line number="170" hits="0" branch="false" />
            <line number="171" hits="0" branch="true" condition-coverage="0% (0/2)" />
            <line number="172" hits="0" branch="false" />
            <line number="173" hits="0" branch="false" />
            <line number="175" hits="0" branch="true" condition-coverage="0% (0/4)" />
            <line number="176" hits="0" branch="false" />
            <line number="177" hits="0" branch="true" condition-coverage="0% (0/2)" />
            <line number="178" hits="0" branch="false" />
            <line number="180" hits="0" branch="false" />
            <line number="183" hits="0" branch="false" />
            <line number="184" hits="0" branch="false" />
            <line number="188" hits="0" branch="false" />
            <line number="189" hits="0" branch="false" />
            <line number="190" hits="0" branch="false" />
            <line number="191" hits="0" branch="false" />
            <line number="193" hits="0" branch="false" />
            <line number="199" hits="0" branch="false" />
            <line number="201" hits="0" branch="false" />
            <line number="202" hits="0" branch="false" />
            <line number="203" hits="0" branch="true" condition-coverage="0% (0/2)" />
            <line number="204" hits="0" branch="false" />
            <line number="205" hits="0" branch="false" />
            <line number="207" hits="0" branch="false" />
            <line number="208" hits="0" branch="false" />
            <line number="209" hits="0" branch="false" />
            <line number="210" hits="0" branch="false" />
            <line number="212" hits="0" branch="false" />
            <line number="218" hits="0" branch="false" />
            <line number="220" hits="0" branch="false" />
            <line number="221" hits="0" branch="false" />
            <line number="222" hits="0" branch="true" condition-coverage="0% (0/2)" />
            <line number="223" hits="0" branch="false" />
            <line number="224" hits="0" branch="false" />
            <line number="225" hits="0" branch="true" condition-coverage="0% (0/2)" />
            <line number="226" hits="0" branch="false" />
            <line number="227" hits="0" branch="false" />
            <line number="229" hits="0" branch="false" />
            <line number="231" hits="0" branch="false" />
            <line number="232" hits="0" branch="false" />
            <line number="233" hits="0" branch="false" />
            <line number="234" hits="0" branch="false" />
            <line number="236" hits="0" branch="false" />
            <line number="242" hits="0" branch="false" />
            <line number="244" hits="0" branch="false" />
            <line number="245" hits="0" branch="true" condition-coverage="0% (0/2)" />
            <line number="246" hits="0" branch="false" />
            <line number="247" hits="0" branch="false" />
            <line number="248" hits="0" branch="true" condition-coverage="0% (0/2)" />
            <line number="249" hits="0" branch="false" />
            <line number="250" hits="0" branch="false" />
            <line number="253" hits="0" branch="false" />
            <line number="255" hits="0" branch="false" />
            <line number="256" hits="0" branch="false" />
            <line number="257" hits="0" branch="false" />
            <line number="258" hits="0" branch="false" />
            <line number="260" hits="0" branch="false" />
            <line number="268" hits="0" branch="false" />
            <line number="270" hits="0" branch="false" />
            <line number="271" hits="0" branch="false" />
            <line number="272" hits="0" branch="true" condition-coverage="0% (0/2)" />
            <line number="273" hits="0" branch="false" />
            <line number="274" hits="0" branch="false" />
            <line number="276" hits="0" branch="false" />
            <line number="277" hits="0" branch="false" />
            <line number="278" hits="0" branch="false" />
            <line number="279" hits="0" branch="false" />
            <line number="281" hits="0" branch="false" />
            <line number="287" hits="0" branch="false" />
            <line number="289" hits="0" branch="false" />
            <line number="290" hits="0" branch="true" condition-coverage="0% (0/2)" />
            <line number="291" hits="0" branch="false" />
            <line number="292" hits="0" branch="false" />
            <line number="293" hits="0" branch="true" condition-coverage="0% (0/2)" />
            <line number="294" hits="0" branch="false" />
            <line number="295" hits="0" branch="false" />
            <line number="297" hits="0" branch="false" />
            <line number="299" hits="0" branch="false" />
            <line number="300" hits="0" branch="false" />
            <line number="301" hits="0" branch="false" />
            <line number="302" hits="0" branch="false" />
            <line number="304" hits="0" branch="false" />
            <line number="310" hits="0" branch="false" />
            <line number="312" hits="0" branch="false" />
            <line number="313" hits="0" branch="true" condition-coverage="0% (0/2)" />
            <line number="314" hits="0" branch="false" />
            <line number="315" hits="0" branch="false" />
            <line number="317" hits="0" branch="false" />
            <line number="318" hits="0" branch="true" condition-coverage="0% (0/4)" />
            <line number="319" hits="0" branch="false" />
            <line number="320" hits="0" branch="true" condition-coverage="0% (0/2)" />
            <line number="321" hits="0" branch="false" />
            <line number="323" hits="0" branch="false" />
            <line number="325" hits="0" branch="false" />
            <line number="327" hits="0" branch="false" />
            <line number="329" hits="0" branch="false" />
            <line number="330" hits="0" branch="false" />
            <line number="331" hits="0" branch="false" />
            <line number="332" hits="0" branch="false" />
            <line number="334" hits="0" branch="false" />
            <line number="340" hits="0" branch="false" />
            <line number="342" hits="0" branch="false" />
            <line number="343" hits="0" branch="true" condition-coverage="0% (0/6)" />
            <line number="344" hits="0" branch="false" />
            <line number="345" hits="0" branch="false" />
            <line number="347" hits="0" branch="false" />
            <line number="348" hits="0" branch="true" condition-coverage="0% (0/4)" />
            <line number="349" hits="0" branch="false" />
            <line number="350" hits="0" branch="true" condition-coverage="0% (0/2)" />
            <line number="351" hits="0" branch="false" />
            <line number="353" hits="0" branch="false" />
            <line number="355" hits="0" branch="false" />
            <line number="357" hits="0" branch="false" />
            <line number="359" hits="0" branch="false" />
            <line number="360" hits="0" branch="false" />
            <line number="361" hits="0" branch="false" />
            <line number="362" hits="0" branch="false" />
            <line number="364" hits="0" branch="false" />
            <line number="370" hits="0" branch="false" />
            <line number="372" hits="0" branch="false" />
            <line number="373" hits="0" branch="true" condition-coverage="0% (0/4)" />
            <line number="374" hits="0" branch="false" />
            <line number="375" hits="0" branch="false" />
            <line number="376" hits="0" branch="true" condition-coverage="0% (0/2)" />
            <line number="377" hits="0" branch="false" />
            <line number="378" hits="0" branch="true" condition-coverage="0% (0/2)" />
            <line number="379" hits="0" branch="false" />
            <line number="381" hits="0" branch="false" />
            <line number="383" hits="0" branch="false" />
            <line number="385" hits="0" branch="false" />
            <line number="387" hits="0" branch="false" />
            <line number="388" hits="0" branch="false" />
            <line number="389" hits="0" branch="false" />
            <line number="390" hits="0" branch="false" />
            <line number="392" hits="0" branch="false" />
            <line number="398" hits="0" branch="false" />
            <line number="400" hits="0" branch="false" />
            <line number="401" hits="0" branch="true" condition-coverage="0% (0/4)" />
            <line number="402" hits="0" branch="false" />
            <line number="403" hits="0" branch="false" />
            <line number="404" hits="0" branch="true" condition-coverage="0% (0/2)" />
            <line number="405" hits="0" branch="false" />
            <line number="406" hits="0" branch="true" condition-coverage="0% (0/2)" />
            <line number="407" hits="0" branch="false" />
            <line number="409" hits="0" branch="false" />
            <line number="411" hits="0" branch="false" />
            <line number="414" hits="0" branch="false" />
            <line number="416" hits="0" branch="false" />
            <line number="417" hits="0" branch="false" />
            <line number="418" hits="0" branch="false" />
            <line number="419" hits="0" branch="false" />
            <line number="421" hits="0" branch="false" />
            <line number="427" hits="0" branch="false" />
            <line number="429" hits="0" branch="false" />
            <line number="430" hits="0" branch="true" condition-coverage="0% (0/4)" />
            <line number="431" hits="0" branch="false" />
            <line number="432" hits="0" branch="false" />
            <line number="434" hits="0" branch="false" />
            <line number="435" hits="0" branch="true" condition-coverage="0% (0/4)" />
            <line number="436" hits="0" branch="false" />
            <line number="437" hits="0" branch="true" condition-coverage="0% (0/2)" />
            <line number="438" hits="0" branch="false" />
            <line number="440" hits="0" branch="false" />
            <line number="442" hits="0" branch="false" />
            <line number="444" hits="0" branch="false" />
            <line number="446" hits="0" branch="false" />
            <line number="447" hits="0" branch="false" />
            <line number="448" hits="0" branch="false" />
            <line number="449" hits="0" branch="false" />
            <line number="451" hits="0" branch="false" />
          </lines>
        </class>
        <class name="com.tweetapp.KafkaEvents.Tweeting.Consumers.PostTweetConsumer" filename="C:\Users\ASHFAK\source\repos\Hackfse_tweetApp\com.tweetapp\com.tweetapp\KafkaEvents\Tweeting\Consumers\PostTweetConsumer.cs" line-rate="0" branch-rate="1" complexity="3">
          <methods>
            <method name="Dispose" signature="()" line-rate="0" branch-rate="1" complexity="1">
              <lines>
                <line number="34" hits="0" branch="false" />
                <line number="35" hits="0" branch="false" />
                <line number="36" hits="0" branch="false" />
                <line number="38" hits="0" branch="false" />
                <line number="39" hits="0" branch="false" />
              </lines>
            </method>
            <method name=".ctor" signature="(...)" line-rate="0" branch-rate="1" complexity="1">
              <lines>
                <line number="17" hits="0" branch="false" />
                <line number="18" hits="0" branch="false" />
                <line number="19" hits="0" branch="false" />
                <line number="20" hits="0" branch="false" />
              </lines>
            </method>
            <method name="ExecuteAsync" signature="()" line-rate="0" branch-rate="1" complexity="1">
              <lines>
                <line number="22" hits="0" branch="false" />
                <line number="24" hits="0" branch="false" />
                <line number="25" hits="0" branch="false" />
                <line number="26" hits="0" branch="false" />
                <line number="27" hits="0" branch="false" />
                <line number="28" hits="0" branch="false" />
                <line number="29" hits="0" branch="false" />
                <line number="30" hits="0" branch="false" />
                <line number="31" hits="0" branch="false" />
              </lines>
            </method>
          </methods>
          <lines>
            <line number="17" hits="0" branch="false" />
            <line number="18" hits="0" branch="false" />
            <line number="19" hits="0" branch="false" />
            <line number="20" hits="0" branch="false" />
            <line number="22" hits="0" branch="false" />
            <line number="24" hits="0" branch="false" />
            <line number="25" hits="0" branch="false" />
            <line number="26" hits="0" branch="false" />
            <line number="27" hits="0" branch="false" />
            <line number="28" hits="0" branch="false" />
            <line number="29" hits="0" branch="false" />
            <line number="30" hits="0" branch="false" />
            <line number="31" hits="0" branch="false" />
            <line number="34" hits="0" branch="false" />
            <line number="35" hits="0" branch="false" />
            <line number="36" hits="0" branch="false" />
            <line number="38" hits="0" branch="false" />
            <line number="39" hits="0" branch="false" />
          </lines>
        </class>
        <class name="com.tweetapp.KafkaEvents.Tweeting.Handlers.PostTweetHandler" filename="C:\Users\ASHFAK\source\repos\Hackfse_tweetApp\com.tweetapp\com.tweetapp\KafkaEvents\Tweeting\Handlers\PostTweetHandler.cs" line-rate="0" branch-rate="0" complexity="5">
          <methods>
            <method name=".ctor" signature="(...)" line-rate="0" branch-rate="1" complexity="1">
              <lines>
                <line number="21" hits="0" branch="false" />
                <line number="22" hits="0" branch="false" />
                <line number="23" hits="0" branch="false" />
                <line number="24" hits="0" branch="false" />
                <line number="25" hits="0" branch="false" />
                <line number="26" hits="0" branch="false" />
              </lines>
            </method>
            <method name="HandleAsync" signature="()" line-rate="0" branch-rate="0" complexity="4">
              <lines>
                <line number="28" hits="0" branch="false" />
                <line number="30" hits="0" branch="false" />
                <line number="31" hits="0" branch="false" />
                <line number="32" hits="0" branch="false" />
                <line number="33" hits="0" branch="false" />
                <line number="34" hits="0" branch="false" />
                <line number="35" hits="0" branch="false" />
                <line number="36" hits="0" branch="false" />
                <line number="37" hits="0" branch="false" />
                <line number="38" hits="0" branch="false" />
                <line number="39" hits="0" branch="false" />
                <line number="40" hits="0" branch="true" condition-coverage="0% (0/2)" />
                <line number="41" hits="0" branch="true" condition-coverage="0% (0/2)" />
                <line number="42" hits="0" branch="false" />
                <line number="43" hits="0" branch="false" />
                <line number="44" hits="0" branch="false" />
                <line number="45" hits="0" branch="false" />
                <line number="46" hits="0" branch="false" />
                <line number="47" hits="0" branch="false" />
                <line number="48" hits="0" branch="false" />
                <line number="49" hits="0" branch="false" />
                <line number="50" hits="0" branch="false" />
                <line number="53" hits="0" branch="false" />
                <line number="55" hits="0" branch="false" />
                <line number="57" hits="0" branch="false" />
                <line number="59" hits="0" branch="false" />
              </lines>
            </method>
          </methods>
          <lines>
            <line number="21" hits="0" branch="false" />
            <line number="22" hits="0" branch="false" />
            <line number="23" hits="0" branch="false" />
            <line number="24" hits="0" branch="false" />
            <line number="25" hits="0" branch="false" />
            <line number="26" hits="0" branch="false" />
            <line number="28" hits="0" branch="false" />
            <line number="30" hits="0" branch="false" />
            <line number="31" hits="0" branch="false" />
            <line number="32" hits="0" branch="false" />
            <line number="33" hits="0" branch="false" />
            <line number="34" hits="0" branch="false" />
            <line number="35" hits="0" branch="false" />
            <line number="36" hits="0" branch="false" />
            <line number="37" hits="0" branch="false" />
            <line number="38" hits="0" branch="false" />
            <line number="39" hits="0" branch="false" />
            <line number="40" hits="0" branch="true" condition-coverage="0% (0/2)" />
            <line number="41" hits="0" branch="true" condition-coverage="0% (0/2)" />
            <line number="42" hits="0" branch="false" />
            <line number="43" hits="0" branch="false" />
            <line number="44" hits="0" branch="false" />
            <line number="45" hits="0" branch="false" />
            <line number="46" hits="0" branch="false" />
            <line number="47" hits="0" branch="false" />
            <line number="48" hits="0" branch="false" />
            <line number="49" hits="0" branch="false" />
            <line number="50" hits="0" branch="false" />
            <line number="53" hits="0" branch="false" />
            <line number="55" hits="0" branch="false" />
            <line number="57" hits="0" branch="false" />
            <line number="59" hits="0" branch="false" />
          </lines>
        </class>
        <class name="com.tweetapp.Models.ExceptionModel" filename="C:\Users\ASHFAK\source\repos\Hackfse_tweetApp\com.tweetapp\com.tweetapp\Models\ExceptionModel.cs" line-rate="1" branch-rate="1" complexity="4">
          <methods>
            <method name="get_Id" signature="()" line-rate="1" branch-rate="1" complexity="1">
              <lines>
                <line number="14" hits="22" branch="false" />
              </lines>
            </method>
            <method name="get_Message" signature="()" line-rate="1" branch-rate="1" complexity="1">
              <lines>
                <line number="15" hits="17" branch="false" />
              </lines>
            </method>
            <method name="get_Method" signature="()" line-rate="1" branch-rate="1" complexity="1">
              <lines>
                <line number="16" hits="17" branch="false" />
              </lines>
            </method>
            <method name="get_StackTrace" signature="()" line-rate="1" branch-rate="1" complexity="1">
              <lines>
                <line number="17" hits="17" branch="false" />
              </lines>
            </method>
          </methods>
          <lines>
            <line number="14" hits="22" branch="false" />
            <line number="15" hits="17" branch="false" />
            <line number="16" hits="17" branch="false" />
            <line number="17" hits="17" branch="false" />
          </lines>
        </class>
        <class name="com.tweetapp.Models.LoginModel" filename="C:\Users\ASHFAK\source\repos\Hackfse_tweetApp\com.tweetapp\com.tweetapp\Models\LoginModel.cs" line-rate="0" branch-rate="1" complexity="2">
          <methods>
            <method name="get_LoginId" signature="()" line-rate="0" branch-rate="1" complexity="1">
              <lines>
                <line number="12" hits="0" branch="false" />
              </lines>
            </method>
            <method name="get_Password" signature="()" line-rate="0" branch-rate="1" complexity="1">
              <lines>
                <line number="14" hits="0" branch="false" />
              </lines>
            </method>
          </methods>
          <lines>
            <line number="12" hits="0" branch="false" />
            <line number="14" hits="0" branch="false" />
          </lines>
        </class>
        <class name="com.tweetapp.Models.MailModel" filename="C:\Users\ASHFAK\source\repos\Hackfse_tweetApp\com.tweetapp\com.tweetapp\Models\MailModel.cs" line-rate="0" branch-rate="1" complexity="8">
          <methods>
            <method name="get_FromMailId" signature="()" line-rate="0" branch-rate="1" complexity="1">
              <lines>
                <line number="22" hits="0" branch="false" />
              </lines>
            </method>
            <method name="get_FromMailIdPassword" signature="()" line-rate="0" branch-rate="1" complexity="1">
              <lines>
                <line number="23" hits="0" branch="false" />
              </lines>
            </method>
            <method name="get_ToMailIds" signature="()" line-rate="0" branch-rate="1" complexity="1">
              <lines>
                <line number="24" hits="0" branch="false" />
              </lines>
            </method>
            <method name="get_Subject" signature="()" line-rate="0" branch-rate="1" complexity="1">
              <lines>
                <line number="25" hits="0" branch="false" />
              </lines>
            </method>
            <method name="get_Body" signature="()" line-rate="0" branch-rate="1" complexity="1">
              <lines>
                <line number="26" hits="0" branch="false" />
              </lines>
            </method>
            <method name="get_IsBodyHtml" signature="()" line-rate="0" branch-rate="1" complexity="1">
              <lines>
                <line number="27" hits="0" branch="false" />
              </lines>
            </method>
            <method name="get_Attachments" signature="()" line-rate="0" branch-rate="1" complexity="1">
              <lines>
                <line number="28" hits="0" branch="false" />
              </lines>
            </method>
            <method name=".ctor" signature="(...)" line-rate="0" branch-rate="1" complexity="1">
              <lines>
                <line number="15" hits="0" branch="false" />
                <line number="16" hits="0" branch="false" />
                <line number="17" hits="0" branch="false" />
                <line number="18" hits="0" branch="false" />
                <line number="19" hits="0" branch="false" />
                <line number="20" hits="0" branch="false" />
              </lines>
            </method>
          </methods>
          <lines>
            <line number="15" hits="0" branch="false" />
            <line number="16" hits="0" branch="false" />
            <line number="17" hits="0" branch="false" />
            <line number="18" hits="0" branch="false" />
            <line number="19" hits="0" branch="false" />
            <line number="20" hits="0" branch="false" />
            <line number="22" hits="0" branch="false" />
            <line number="23" hits="0" branch="false" />
            <line number="24" hits="0" branch="false" />
            <line number="25" hits="0" branch="false" />
            <line number="26" hits="0" branch="false" />
            <line number="27" hits="0" branch="false" />
            <line number="28" hits="0" branch="false" />
          </lines>
        </class>
        <class name="com.tweetapp.Models.Notification" filename="C:\Users\ASHFAK\source\repos\Hackfse_tweetApp\com.tweetapp\com.tweetapp\Models\UserModel.cs" line-rate="0" branch-rate="1" complexity="2">
          <methods>
            <method name="get_Message" signature="()" line-rate="0" branch-rate="1" complexity="1">
              <lines>
                <line number="66" hits="0" branch="false" />
              </lines>
            </method>
            <method name="get_IsSeen" signature="()" line-rate="0" branch-rate="1" complexity="1">
              <lines>
                <line number="67" hits="0" branch="false" />
              </lines>
            </method>
          </methods>
          <lines>
            <line number="66" hits="0" branch="false" />
            <line number="67" hits="0" branch="false" />
          </lines>
        </class>
        <class name="com.tweetapp.Models.OTP" filename="C:\Users\ASHFAK\source\repos\Hackfse_tweetApp\com.tweetapp\com.tweetapp\Models\UserModel.cs" line-rate="0" branch-rate="1" complexity="2">
          <methods>
            <method name="get_OTPValue" signature="()" line-rate="0" branch-rate="1" complexity="1">
              <lines>
                <line number="59" hits="0" branch="false" />
              </lines>
            </method>
            <method name="get_Token" signature="()" line-rate="0" branch-rate="1" complexity="1">
              <lines>
                <line number="60" hits="0" branch="false" />
              </lines>
            </method>
          </methods>
          <lines>
            <line number="59" hits="0" branch="false" />
            <line number="60" hits="0" branch="false" />
          </lines>
        </class>
        <class name="com.tweetapp.Models.Reply" filename="C:\Users\ASHFAK\source\repos\Hackfse_tweetApp\com.tweetapp\com.tweetapp\Models\TweetModel.cs" line-rate="1" branch-rate="1" complexity="4">
          <methods>
            <method name="get_LoginId" signature="()" line-rate="1" branch-rate="1" complexity="1">
              <lines>
                <line number="38" hits="19" branch="false" />
              </lines>
            </method>
            <method name="get_ReplyText" signature="()" line-rate="1" branch-rate="1" complexity="1">
              <lines>
                <line number="42" hits="19" branch="false" />
              </lines>
            </method>
            <method name="get_CreatedTime" signature="()" line-rate="1" branch-rate="1" complexity="1">
              <lines>
                <line number="46" hits="4" branch="false" />
              </lines>
            </method>
            <method name="get_Tags" signature="()" line-rate="1" branch-rate="1" complexity="1">
              <lines>
                <line number="48" hits="49" branch="false" />
              </lines>
            </method>
          </methods>
          <lines>
            <line number="38" hits="19" branch="false" />
            <line number="42" hits="19" branch="false" />
            <line number="46" hits="4" branch="false" />
            <line number="48" hits="49" branch="false" />
          </lines>
        </class>
        <class name="com.tweetapp.Models.Tag" filename="C:\Users\ASHFAK\source\repos\Hackfse_tweetApp\com.tweetapp\com.tweetapp\Models\TweetModel.cs" line-rate="1" branch-rate="1" complexity="2">
          <methods>
            <method name="get_TaggedUser" signature="()" line-rate="1" branch-rate="1" complexity="1">
              <lines>
                <line number="54" hits="100" branch="false" />
              </lines>
            </method>
            <method name="get_IsNotified" signature="()" line-rate="1" branch-rate="1" complexity="1">
              <lines>
                <line number="55" hits="40" branch="false" />
              </lines>
            </method>
          </methods>
          <lines>
            <line number="54" hits="100" branch="false" />
            <line number="55" hits="40" branch="false" />
          </lines>
        </class>
        <class name="com.tweetapp.Models.TweetAppDBSettings" filename="C:\Users\ASHFAK\source\repos\Hackfse_tweetApp\com.tweetapp\com.tweetapp\Models\TweetAppDBSettings.cs" line-rate="0" branch-rate="1" complexity="5">
          <methods>
            <method name="get_UsersCollectionName" signature="()" line-rate="0" branch-rate="1" complexity="1">
              <lines>
                <line number="10" hits="0" branch="false" />
              </lines>
            </method>
            <method name="get_TweetsCollectionName" signature="()" line-rate="0" branch-rate="1" complexity="1">
              <lines>
                <line number="11" hits="0" branch="false" />
              </lines>
            </method>
            <method name="get_ExceptionsCollectionName" signature="()" line-rate="0" branch-rate="1" complexity="1">
              <lines>
                <line number="12" hits="0" branch="false" />
              </lines>
            </method>
            <method name="get_ConnectionString" signature="()" line-rate="0" branch-rate="1" complexity="1">
              <lines>
                <line number="13" hits="0" branch="false" />
              </lines>
            </method>
            <method name="get_DatabaseName" signature="()" line-rate="0" branch-rate="1" complexity="1">
              <lines>
                <line number="14" hits="0" branch="false" />
              </lines>
            </method>
          </methods>
          <lines>
            <line number="10" hits="0" branch="false" />
            <line number="11" hits="0" branch="false" />
            <line number="12" hits="0" branch="false" />
            <line number="13" hits="0" branch="false" />
            <line number="14" hits="0" branch="false" />
          </lines>
        </class>
        <class name="com.tweetapp.Models.TweetModel" filename="C:\Users\ASHFAK\source\repos\Hackfse_tweetApp\com.tweetapp\com.tweetapp\Models\TweetModel.cs" line-rate="1" branch-rate="1" complexity="7">
          <methods>
            <method name="get_Id" signature="()" line-rate="1" branch-rate="1" complexity="1">
              <lines>
                <line number="15" hits="40" branch="false" />
              </lines>
            </method>
            <method name="get_LoginId" signature="()" line-rate="1" branch-rate="1" complexity="1">
              <lines>
                <line number="18" hits="33" branch="false" />
              </lines>
            </method>
            <method name="get_Text" signature="()" line-rate="1" branch-rate="1" complexity="1">
              <lines>
                <line number="22" hits="32" branch="false" />
              </lines>
            </method>
            <method name="get_CreatedTime" signature="()" line-rate="1" branch-rate="1" complexity="1">
              <lines>
                <line number="26" hits="31" branch="false" />
              </lines>
            </method>
            <method name="get_Replies" signature="()" line-rate="1" branch-rate="1" complexity="1">
              <lines>
                <line number="28" hits="34" branch="false" />
              </lines>
            </method>
            <method name="get_Likes" signature="()" line-rate="1" branch-rate="1" complexity="1">
              <lines>
                <line number="30" hits="34" branch="false" />
              </lines>
            </method>
            <method name="get_Tags" signature="()" line-rate="1" branch-rate="1" complexity="1">
              <lines>
                <line number="32" hits="61" branch="false" />
              </lines>
            </method>
          </methods>
          <lines>
            <line number="15" hits="40" branch="false" />
            <line number="18" hits="33" branch="false" />
            <line number="22" hits="32" branch="false" />
            <line number="26" hits="31" branch="false" />
            <line number="28" hits="34" branch="false" />
            <line number="30" hits="34" branch="false" />
            <line number="32" hits="61" branch="false" />
          </lines>
        </class>
        <class name="com.tweetapp.Models.UserModel" filename="C:\Users\ASHFAK\source\repos\Hackfse_tweetApp\com.tweetapp\com.tweetapp\Models\UserModel.cs" line-rate="1" branch-rate="1" complexity="12">
          <methods>
            <method name="get_Id" signature="()" line-rate="1" branch-rate="1" complexity="1">
              <lines>
                <line number="16" hits="90" branch="false" />
              </lines>
            </method>
            <method name="get_FirstName" signature="()" line-rate="1" branch-rate="1" complexity="1">
              <lines>
                <line number="19" hits="104" branch="false" />
              </lines>
            </method>
            <method name="get_LastName" signature="()" line-rate="1" branch-rate="1" complexity="1">
              <lines>
                <line number="22" hits="103" branch="false" />
              </lines>
            </method>
            <method name="get_Email" signature="()" line-rate="1" branch-rate="1" complexity="1">
              <lines>
                <line number="26" hits="104" branch="false" />
              </lines>
            </method>
            <method name="get_LoginId" signature="()" line-rate="1" branch-rate="1" complexity="1">
              <lines>
                <line number="30" hits="116" branch="false" />
              </lines>
            </method>
            <method name="get_ContactNumber" signature="()" line-rate="1" branch-rate="1" complexity="1">
              <lines>
                <line number="35" hits="103" branch="false" />
              </lines>
            </method>
            <method name="get_Password" signature="()" line-rate="1" branch-rate="1" complexity="1">
              <lines>
                <line number="40" hits="103" branch="false" />
              </lines>
            </method>
            <method name="get_ConfirmPassword" signature="()" line-rate="1" branch-rate="1" complexity="1">
              <lines>
                <line number="45" hits="103" branch="false" />
              </lines>
            </method>
            <method name="get_IsMailConfirmed" signature="()" line-rate="1" branch-rate="1" complexity="1">
              <lines>
                <line number="47" hits="36" branch="false" />
              </lines>
            </method>
            <method name="get_Avatar" signature="()" line-rate="1" branch-rate="1" complexity="1">
              <lines>
                <line number="50" hits="88" branch="false" />
              </lines>
            </method>
            <method name="get_Otp" signature="()" line-rate="1" branch-rate="1" complexity="1">
              <lines>
                <line number="52" hits="36" branch="false" />
              </lines>
            </method>
            <method name="get_Notifications" signature="()" line-rate="1" branch-rate="1" complexity="1">
              <lines>
                <line number="54" hits="32" branch="false" />
              </lines>
            </method>
          </methods>
          <lines>
            <line number="16" hits="90" branch="false" />
            <line number="19" hits="104" branch="false" />
            <line number="22" hits="103" branch="false" />
            <line number="26" hits="104" branch="false" />
            <line number="30" hits="116" branch="false" />
            <line number="35" hits="103" branch="false" />
            <line number="40" hits="103" branch="false" />
            <line number="45" hits="103" branch="false" />
            <line number="47" hits="36" branch="false" />
            <line number="50" hits="88" branch="false" />
            <line number="52" hits="36" branch="false" />
            <line number="54" hits="32" branch="false" />
          </lines>
        </class>
        <class name="com.tweetapp.Program" filename="C:\Users\ASHFAK\source\repos\Hackfse_tweetApp\com.tweetapp\com.tweetapp\Program.cs" line-rate="0" branch-rate="1" complexity="2">
          <methods>
            <method name="Main" signature="(...)" line-rate="0" branch-rate="1" complexity="1">
              <lines>
                <line number="21" hits="0" branch="false" />
                <line number="23" hits="0" branch="false" />
                <line number="24" hits="0" branch="false" />
                <line number="27" hits="0" branch="false" />
                <line number="28" hits="0" branch="false" />
              </lines>
            </method>
            <method name="CreateHostBuilder" signature="(...)" line-rate="0" branch-rate="1" complexity="1">
              <lines>
                <line number="31" hits="0" branch="false" />
                <line number="32" hits="0" branch="false" />
                <line number="33" hits="0" branch="false" />
                <line number="34" hits="0" branch="false" />
                <line number="35" hits="0" branch="false" />
              </lines>
            </method>
          </methods>
          <lines>
            <line number="21" hits="0" branch="false" />
            <line number="23" hits="0" branch="false" />
            <line number="24" hits="0" branch="false" />
            <line number="27" hits="0" branch="false" />
            <line number="28" hits="0" branch="false" />
            <line number="31" hits="0" branch="false" />
            <line number="32" hits="0" branch="false" />
            <line number="33" hits="0" branch="false" />
            <line number="34" hits="0" branch="false" />
            <line number="35" hits="0" branch="false" />
          </lines>
        </class>
[...]
                <line number="40" hits="15" branch="false" />
                <line number="41" hits="15" branch="false" />
                <line number="42" hits="15" branch="false" />
                <line number="43" hits="15" branch="false" />
                <line number="44" hits="15" branch="false" />
                <line number="45" hits="15" branch="false" />
                <line number="46" hits="15" branch="false" />
                <line number="47" hits="15" branch="false" />
                <line number="48" hits="15" branch="false" />
                <line number="49" hits="15" branch="false" />
                <line number="50" hits="15" branch="false" />
                <line number="52" hits="15" branch="false" />
                <line number="53" hits="15" branch="false" />
                <line number="54" hits="15" branch="false" />
                <line number="55" hits="15" branch="false" />
                <line number="56" hits="15" branch="false" />
                <line number="57" hits="15" branch="false" />
                <line number="58" hits="15" branch="false" />
                <line number="60" hits="15" branch="false" />
                <line number="61" hits="15" branch="false" />
                <line number="62" hits="15" branch="false" />
                <line number="63" hits="15" branch="false" />
                <line number="64" hits="15" branch="false" />
                <line number="65" hits="15" branch="false" />
                <line number="66" hits="15" branch="false" />
                <line number="67" hits="15" branch="false" />
                <line number="68" hits="15" branch="false" />
                <line number="69" hits="15" branch="false" />
                <line number="70" hits="15" branch="false" />
                <line number="71" hits="15" branch="false" />
                <line number="73" hits="15" branch="false" />
                <line number="74" hits="15" branch="false" />
                <line number="75" hits="15" branch="false" />
                <line number="76" hits="15" branch="false" />
                <line number="77" hits="15" branch="false" />
                <line number="78" hits="15" branch="false" />
                <line number="80" hits="15" branch="false" />
                <line number="81" hits="15" branch="false" />
                <line number="82" hits="15" branch="false" />
                <line number="83" hits="15" branch="false" />
              </lines>
            </method>
            <method name="CreateUserAsync_test" signature="()" line-rate="1" branch-rate="1" complexity="1">
              <lines>
                <line number="89" hits="1" branch="false" />
                <line number="91" hits="1" branch="false" />
                <line number="93" hits="1" branch="false" />
                <line number="95" hits="1" branch="false" />
                <line number="96" hits="1" branch="false" />
              </lines>
            </method>
            <method name="UpdateUserAsync_test" signature="()" line-rate="1" branch-rate="1" complexity="1">
              <lines>
                <line number="100" hits="1" branch="false" />
                <line number="102" hits="1" branch="false" />
                <line number="104" hits="1" branch="false" />
                <line number="105" hits="1" branch="false" />
                <line number="106" hits="1" branch="false" />
                <line number="108" hits="1" branch="false" />
                <line number="109" hits="1" branch="false" />
              </lines>
            </method>
            <method name="GetAllUsersAsync_test" signature="()" line-rate="1" branch-rate="1" complexity="1">
              <lines>
                <line number="113" hits="1" branch="false" />
                <line number="116" hits="1" branch="false" />
                <line number="118" hits="1" branch="false" />
                <line number="120" hits="1" branch="false" />
                <line number="121" hits="1" branch="false" />
                <line number="122" hits="1" branch="false" />
              </lines>
            </method>
            <method name="GetUserByLoginId_test" signature="()" line-rate="1" branch-rate="1" complexity="1">
              <lines>
                <line number="126" hits="1" branch="false" />
                <line number="128" hits="1" branch="false" />
                <line number="130" hits="1" branch="false" />
                <line number="132" hits="1" branch="false" />
                <line number="133" hits="1" branch="false" />
                <line number="134" hits="1" branch="false" />
              </lines>
            </method>
            <method name="GetUserByEmailId_test" signature="()" line-rate="1" branch-rate="1" complexity="1">
              <lines>
                <line number="138" hits="1" branch="false" />
                <line number="140" hits="1" branch="false" />
                <line number="142" hits="1" branch="false" />
                <line number="144" hits="1" branch="false" />
                <line number="145" hits="1" branch="false" />
                <line number="146" hits="1" branch="false" />
              </lines>
            </method>
            <method name="GetUserBySearchPattern_test" signature="()" line-rate="1" branch-rate="1" complexity="1">
              <lines>
                <line number="150" hits="1" branch="false" />
                <line number="152" hits="1" branch="false" />
                <line number="154" hits="1" branch="false" />
                <line number="156" hits="1" branch="false" />
                <line number="157" hits="1" branch="false" />
                <line number="158" hits="1" branch="false" />
              </lines>
            </method>
            <method name="CreateTweetAsync_test" signature="()" line-rate="1" branch-rate="1" complexity="1">
              <lines>
                <line number="166" hits="1" branch="false" />
                <line number="168" hits="1" branch="false" />
                <line number="170" hits="1" branch="false" />
                <line number="172" hits="1" branch="false" />
                <line number="173" hits="1" branch="false" />
              </lines>
            </method>
            <method name="UpdateTweetAsync_test" signature="()" line-rate="1" branch-rate="1" complexity="1">
              <lines>
                <line number="177" hits="1" branch="false" />
                <line number="179" hits="1" branch="false" />
                <line number="181" hits="1" branch="false" />
                <line number="182" hits="1" branch="false" />
                <line number="183" hits="1" branch="false" />
                <line number="185" hits="1" branch="false" />
                <line number="186" hits="1" branch="false" />
              </lines>
            </method>
            <method name="GetAllTweetsAsync_test" signature="()" line-rate="1" branch-rate="1" complexity="1">
              <lines>
                <line number="190" hits="1" branch="false" />
                <line number="193" hits="1" branch="false" />
                <line number="195" hits="1" branch="false" />
                <line number="197" hits="1" branch="false" />
                <line number="198" hits="1" branch="false" />
                <line number="199" hits="1" branch="false" />
              </lines>
            </method>
            <method name="GetTweetsForUsers_test" signature="()" line-rate="1" branch-rate="1" complexity="1">
              <lines>
                <line number="203" hits="1" branch="false" />
                <line number="206" hits="1" branch="false" />
                <line number="208" hits="1" branch="false" />
                <line number="210" hits="1" branch="false" />
                <line number="211" hits="1" branch="false" />
                <line number="212" hits="1" branch="false" />
              </lines>
            </method>
            <method name="GetTweetById_test" signature="()" line-rate="1" branch-rate="1" complexity="1">
              <lines>
                <line number="216" hits="1" branch="false" />
                <line number="218" hits="1" branch="false" />
                <line number="220" hits="1" branch="false" />
                <line number="221" hits="1" branch="false" />
                <line number="223" hits="1" branch="false" />
                <line number="224" hits="1" branch="false" />
                <line number="225" hits="1" branch="false" />
              </lines>
            </method>
            <method name="DeleteTweet_test" signature="()" line-rate="1" branch-rate="1" complexity="1">
              <lines>
                <line number="229" hits="1" branch="false" />
                <line number="231" hits="1" branch="false" />
                <line number="233" hits="1" branch="false" />
                <line number="234" hits="1" branch="false" />
                <line number="236" hits="2" branch="false" />
                <line number="237" hits="1" branch="false" />
              </lines>
            </method>
            <method name="LikeTweet_test" signature="()" line-rate="1" branch-rate="1" complexity="1">
              <lines>
                <line number="241" hits="1" branch="false" />
                <line number="243" hits="1" branch="false" />
                <line number="245" hits="1" branch="false" />
                <line number="246" hits="1" branch="false" />
                <line number="248" hits="1" branch="false" />
                <line number="249" hits="1" branch="false" />
              </lines>
            </method>
            <method name="ReplyToTweet_test" signature="()" line-rate="1" branch-rate="1" complexity="1">
              <lines>
                <line number="253" hits="1" branch="false" />
                <line number="255" hits="1" branch="false" />
                <line number="257" hits="1" branch="false" />
                <line number="258" hits="1" branch="false" />
                <line number="260" hits="1" branch="false" />
                <line number="261" hits="1" branch="false" />
              </lines>
            </method>
            <method name="InsertException_GetExceptionById_tests" signature="()" line-rate="1" branch-rate="1" complexity="1">
              <lines>
                <line number="269" hits="1" branch="false" />
                <line number="271" hits="1" branch="false" />
                <line number="273" hits="1" branch="false" />
                <line number="274" hits="1" branch="false" />
                <line number="276" hits="1" branch="false" />
                <line number="277" hits="1" branch="false" />
                <line number="278" hits="1" branch="false" />
                <line number="279" hits="1" branch="false" />
                <line number="280" hits="1" branch="false" />
                <line number="281" hits="1" branch="false" />
              </lines>
            </method>
          </methods>
          <lines>
            <line number="23" hits="15" branch="false" />
            <line number="24" hits="15" branch="false" />
            <line number="25" hits="15" branch="false" />
            <line number="26" hits="15" branch="false" />
            <line number="27" hits="15" branch="false" />
            <line number="28" hits="15" branch="false" />
            <line number="29" hits="15" branch="false" />
            <line number="30" hits="15" branch="false" />
            <line number="31" hits="15" branch="false" />
            <line number="32" hits="15" branch="false" />
            <line number="33" hits="15" branch="false" />
            <line number="35" hits="15" branch="false" />
            <line number="36" hits="15" branch="false" />
            <line number="37" hits="15" branch="false" />
            <line number="38" hits="15" branch="false" />
            <line number="39" hits="15" branch="false" />
            <line number="40" hits="15" branch="false" />
            <line number="41" hits="15" branch="false" />
            <line number="42" hits="15" branch="false" />
            <line number="43" hits="15" branch="false" />
            <line number="44" hits="15" branch="false" />
            <line number="45" hits="15" branch="false" />
            <line number="46" hits="15" branch="false" />
            <line number="47" hits="15" branch="false" />
            <line number="48" hits="15" branch="false" />
            <line number="49" hits="15" branch="false" />
            <line number="50" hits="15" branch="false" />
            <line number="52" hits="15" branch="false" />
            <line number="53" hits="15" branch="false" />
            <line number="54" hits="15" branch="false" />
            <line number="55" hits="15" branch="false" />
            <line number="56" hits="15" branch="false" />
            <line number="57" hits="15" branch="false" />
            <line number="58" hits="15" branch="false" />
            <line number="60" hits="15" branch="false" />
            <line number="61" hits="15" branch="false" />
            <line number="62" hits="15" branch="false" />
            <line number="63" hits="15" branch="false" />
            <line number="64" hits="15" branch="false" />
            <line number="65" hits="15" branch="false" />
            <line number="66" hits="15" branch="false" />
            <line number="67" hits="15" branch="false" />
            <line number="68" hits="15" branch="false" />
            <line number="69" hits="15" branch="false" />
            <line number="70" hits="15" branch="false" />
            <line number="71" hits="15" branch="false" />
            <line number="73" hits="15" branch="false" />
            <line number="74" hits="15" branch="false" />
            <line number="75" hits="15" branch="false" />
            <line number="76" hits="15" branch="false" />
            <line number="77" hits="15" branch="false" />
            <line number="78" hits="15" branch="false" />
            <line number="80" hits="15" branch="false" />
            <line number="81" hits="15" branch="false" />
            <line number="82" hits="15" branch="false" />
            <line number="83" hits="15" branch="false" />
            <line number="89" hits="1" branch="false" />
            <line number="91" hits="1" branch="false" />
            <line number="93" hits="1" branch="false" />
            <line number="95" hits="1" branch="false" />
            <line number="96" hits="1" branch="false" />
            <line number="100" hits="1" branch="false" />
            <line number="102" hits="1" branch="false" />
            <line number="104" hits="1" branch="false" />
            <line number="105" hits="1" branch="false" />
            <line number="106" hits="1" branch="false" />
            <line number="108" hits="1" branch="false" />
            <line number="109" hits="1" branch="false" />
            <line number="113" hits="1" branch="false" />
            <line number="116" hits="1" branch="false" />
            <line number="118" hits="1" branch="false" />
            <line number="120" hits="1" branch="false" />
            <line number="121" hits="1" branch="false" />
            <line number="122" hits="1" branch="false" />
            <line number="126" hits="1" branch="false" />
            <line number="128" hits="1" branch="false" />
            <line number="130" hits="1" branch="false" />
            <line number="132" hits="1" branch="false" />
            <line number="133" hits="1" branch="false" />
            <line number="134" hits="1" branch="false" />
            <line number="138" hits="1" branch="false" />
            <line number="140" hits="1" branch="false" />
            <line number="142" hits="1" branch="false" />
            <line number="144" hits="1" branch="false" />
            <line number="145" hits="1" branch="false" />
            <line number="146" hits="1" branch="false" />
            <line number="150" hits="1" branch="false" />
            <line number="152" hits="1" branch="false" />
            <line number="154" hits="1" branch="false" />
            <line number="156" hits="1" branch="false" />
            <line number="157" hits="1" branch="false" />
            <line number="158" hits="1" branch="false" />
            <line number="166" hits="1" branch="false" />
            <line number="168" hits="1" branch="false" />
            <line number="170" hits="1" branch="false" />
            <line number="172" hits="1" branch="false" />
            <line number="173" hits="1" branch="false" />
            <line number="177" hits="1" branch="false" />
            <line number="179" hits="1" branch="false" />
            <line number="181" hits="1" branch="false" />
            <line number="182" hits="1" branch="false" />
            <line number="183" hits="1" branch="false" />
            <line number="185" hits="1" branch="false" />
            <line number="186" hits="1" branch="false" />
            <line number="190" hits="1" branch="false" />
            <line number="193" hits="1" branch="false" />
            <line number="195" hits="1" branch="false" />
            <line number="197" hits="1" branch="false" />
            <line number="198" hits="1" branch="false" />
            <line number="199" hits="1" branch="false" />
            <line number="203" hits="1" branch="false" />
            <line number="206" hits="1" branch="false" />
            <line number="208" hits="1" branch="false" />
            <line number="210" hits="1" branch="false" />
            <line number="211" hits="1" branch="false" />
            <line number="212" hits="1" branch="false" />
            <line number="216" hits="1" branch="false" />
            <line number="218" hits="1" branch="false" />
            <line number="220" hits="1" branch="false" />
            <line number="221" hits="1" branch="false" />
            <line number="223" hits="1" branch="false" />
            <line number="224" hits="1" branch="false" />
            <line number="225" hits="1" branch="false" />
            <line number="229" hits="1" branch="false" />
            <line number="231" hits="1" branch="false" />
            <line number="233" hits="1" branch="false" />
            <line number="234" hits="1" branch="false" />
            <line number="236" hits="2" branch="false" />
            <line number="237" hits="1" branch="false" />
            <line number="241" hits="1" branch="false" />
            <line number="243" hits="1" branch="false" />
            <line number="245" hits="1" branch="false" />
            <line number="246" hits="1" branch="false" />
            <line number="248" hits="1" branch="false" />
            <line number="249" hits="1" branch="false" />
            <line number="253" hits="1" branch="false" />
            <line number="255" hits="1" branch="false" />
            <line number="257" hits="1" branch="false" />
            <line number="258" hits="1" branch="false" />
            <line number="260" hits="1" branch="false" />
            <line number="261" hits="1" branch="false" />
            <line number="269" hits="1" branch="false" />
            <line number="271" hits="1" branch="false" />
            <line number="273" hits="1" branch="false" />
            <line number="274" hits="1" branch="false" />
            <line number="276" hits="1" branch="false" />
            <line number="277" hits="1" branch="false" />
            <line number="278" hits="1" branch="false" />
            <line number="279" hits="1" branch="false" />
            <line number="280" hits="1" branch="false" />
            <line number="281" hits="1" branch="false" />
          </lines>
        </class>
      </classes>
    </package>
  </packages>
</coverage>