TpTrace Verbose: 0 : 22008, 1, 2022/05/17, 16:48:35.746, 1794214166594, vstest.console.dll, Version: 16.10.0
TpTrace Information: 0 : 22008, 1, 2022/05/17, 16:48:35.753, 1794214231374, vstest.console.dll, FilePatternParser: The given file D:\Professional Stuffs\HackFSE_TweetApp\Backend\com.tweetapp\com.tweetapp.test\bin\Debug\netcoreapp3.1\fine-code-coverage\build-output\com.tweetapp.test.dll is a full path.
TpTrace Verbose: 0 : 22008, 1, 2022/05/17, 16:48:35.759, 1794214284305, vstest.console.dll, TestPluginCache.DiscoverTestExtensions: finding test extensions in assemblies ends with: RuntimeProvider.dll TPluginInfo: Microsoft.VisualStudio.TestPlatform.Common.ExtensionFramework.Utilities.TestRuntimePluginInformation TExtension: Microsoft.VisualStudio.TestPlatform.ObjectModel.Host.ITestRuntimeProvider
TpTrace Verbose: 0 : 22008, 1, 2022/05/17, 16:48:35.759, 1794214292548, vstest.console.dll, TestPluginCache.GetExtensionPaths: Filtered extension paths: 
TpTrace Verbose: 0 : 22008, 1, 2022/05/17, 16:48:35.759, 1794214293347, vstest.console.dll, TestPluginCache.GetExtensionPaths: Added default extension paths: C:\Program Files\dotnet\sdk\5.0.303\Extensions\Microsoft.Diagnostics.NETCore.Client.dll
C:\Program Files\dotnet\sdk\5.0.303\Extensions\Microsoft.TestPlatform.Extensions.BlameDataCollector.dll
C:\Program Files\dotnet\sdk\5.0.303\Extensions\Microsoft.TestPlatform.Extensions.EventLogCollector.dll
C:\Program Files\dotnet\sdk\5.0.303\Extensions\Microsoft.TestPlatform.TestHostRuntimeProvider.dll
C:\Program Files\dotnet\sdk\5.0.303\Extensions\Microsoft.VisualStudio.TestPlatform.Extensions.Html.TestLogger.dll
C:\Program Files\dotnet\sdk\5.0.303\Extensions\Microsoft.VisualStudio.TestPlatform.Extensions.Trx.TestLogger.dll
TpTrace Verbose: 0 : 22008, 1, 2022/05/17, 16:48:35.760, 1794214293671, vstest.console.dll, TestPluginCache.GetExtensionPaths: Added unfilterableExtensionPaths: 
TpTrace Information: 0 : 22008, 1, 2022/05/17, 16:48:35.760, 1794214299448, vstest.console.dll, AssemblyResolver.ctor: Creating AssemblyResolver with searchDirectories C:\Program Files\dotnet\sdk\5.0.303\Extensions,C:\Program Files\dotnet\sdk\5.0.303
TpTrace Verbose: 0 : 22008, 1, 2022/05/17, 16:48:35.761, 1794214311602, vstest.console.dll, TestPluginCache.DiscoverTestExtensions: Discovering the extensions using extension path.
TpTrace Verbose: 0 : 22008, 1, 2022/05/17, 16:48:35.761, 1794214312759, vstest.console.dll, TestPluginCache.GetExtensionPaths: Filtered extension paths: 
TpTrace Verbose: 0 : 22008, 1, 2022/05/17, 16:48:35.761, 1794214313196, vstest.console.dll, TestPluginCache.GetExtensionPaths: Added default extension paths: C:\Program Files\dotnet\sdk\5.0.303\Extensions\Microsoft.Diagnostics.NETCore.Client.dll
C:\Program Files\dotnet\sdk\5.0.303\Extensions\Microsoft.TestPlatform.Extensions.BlameDataCollector.dll
C:\Program Files\dotnet\sdk\5.0.303\Extensions\Microsoft.TestPlatform.Extensions.EventLogCollector.dll
C:\Program Files\dotnet\sdk\5.0.303\Extensions\Microsoft.TestPlatform.TestHostRuntimeProvider.dll
C:\Program Files\dotnet\sdk\5.0.303\Extensions\Microsoft.VisualStudio.TestPlatform.Extensions.Html.TestLogger.dll
C:\Program Files\dotnet\sdk\5.0.303\Extensions\Microsoft.VisualStudio.TestPlatform.Extensions.Trx.TestLogger.dll
TpTrace Verbose: 0 : 22008, 1, 2022/05/17, 16:48:35.761, 1794214313476, vstest.console.dll, TestPluginCache.GetExtensionPaths: Added unfilterableExtensionPaths: 
TpTrace Verbose: 0 : 22008, 1, 2022/05/17, 16:48:35.762, 1794214314047, vstest.console.dll, TestPluginCache.DiscoverTestExtensions: Discovering the extensions using allExtensionPaths: C:\Program Files\dotnet\sdk\5.0.303\Extensions\Microsoft.Diagnostics.NETCore.Client.dll
C:\Program Files\dotnet\sdk\5.0.303\Extensions\Microsoft.TestPlatform.Extensions.BlameDataCollector.dll
C:\Program Files\dotnet\sdk\5.0.303\Extensions\Microsoft.TestPlatform.Extensions.EventLogCollector.dll
C:\Program Files\dotnet\sdk\5.0.303\Extensions\Microsoft.TestPlatform.TestHostRuntimeProvider.dll
C:\Program Files\dotnet\sdk\5.0.303\Extensions\Microsoft.VisualStudio.TestPlatform.Extensions.Html.TestLogger.dll
C:\Program Files\dotnet\sdk\5.0.303\Extensions\Microsoft.VisualStudio.TestPlatform.Extensions.Trx.TestLogger.dll
TpTrace Information: 0 : 22008, 1, 2022/05/17, 16:48:35.762, 1794214315300, vstest.console.dll, AssemblyResolver.AddSearchDirectories: Adding more searchDirectories C:\Program Files\dotnet\sdk\5.0.303\Extensions,C:\Program Files\dotnet\sdk\5.0.303
TpTrace Information: 0 : 22008, 1, 2022/05/17, 16:48:35.762, 1794214315884, vstest.console.dll, AssemblyResolver.AddSearchDirectories: Adding more searchDirectories C:\Program Files\dotnet\sdk\5.0.303\Extensions,C:\Program Files\dotnet\sdk\5.0.303
TpTrace Information: 0 : 22008, 1, 2022/05/17, 16:48:35.762, 1794214316212, vstest.console.dll, AssemblyResolver.AddSearchDirectories: Adding more searchDirectories C:\Program Files\dotnet\sdk\5.0.303\Extensions,C:\Program Files\dotnet\sdk\5.0.303
TpTrace Information: 0 : 22008, 1, 2022/05/17, 16:48:35.762, 1794214316472, vstest.console.dll, AssemblyResolver.AddSearchDirectories: Adding more searchDirectories C:\Program Files\dotnet\sdk\5.0.303\Extensions,C:\Program Files\dotnet\sdk\5.0.303
TpTrace Information: 0 : 22008, 1, 2022/05/17, 16:48:35.762, 1794214316759, vstest.console.dll, AssemblyResolver.AddSearchDirectories: Adding more searchDirectories C:\Program Files\dotnet\sdk\5.0.303\Extensions,C:\Program Files\dotnet\sdk\5.0.303
TpTrace Information: 0 : 22008, 1, 2022/05/17, 16:48:35.762, 1794214317009, vstest.console.dll, AssemblyResolver.AddSearchDirectories: Adding more searchDirectories C:\Program Files\dotnet\sdk\5.0.303\Extensions,C:\Program Files\dotnet\sdk\5.0.303
TpTrace Information: 0 : 22008, 1, 2022/05/17, 16:48:35.762, 1794214319784, vstest.console.dll, AssemblyResolver.OnResolve: Microsoft.Diagnostics.NETCore.Client: Resolving assembly.
TpTrace Information: 0 : 22008, 1, 2022/05/17, 16:48:35.762, 1794214320324, vstest.console.dll, AssemblyResolver.OnResolve: Microsoft.Diagnostics.NETCore.Client: Searching in: 'C:\Program Files\dotnet\sdk\5.0.303\Extensions'.
TpTrace Information: 0 : 22008, 1, 2022/05/17, 16:48:35.763, 1794214325075, vstest.console.dll, AssemblyResolver.OnResolve: Microsoft.Diagnostics.NETCore.Client: Loading assembly 'C:\Program Files\dotnet\sdk\5.0.303\Extensions\Microsoft.Diagnostics.NETCore.Client.dll'.
TpTrace Information: 0 : 22008, 1, 2022/05/17, 16:48:35.763, 1794214330340, vstest.console.dll, AssemblyResolver.OnResolve: Resolved assembly: Microsoft.Diagnostics.NETCore.Client, from path: C:\Program Files\dotnet\sdk\5.0.303\Extensions\Microsoft.Diagnostics.NETCore.Client.dll
TpTrace Information: 0 : 22008, 1, 2022/05/17, 16:48:35.766, 1794214354609, vstest.console.dll, AssemblyResolver.OnResolve: Microsoft.Bcl.AsyncInterfaces: Resolving assembly.
TpTrace Information: 0 : 22008, 1, 2022/05/17, 16:48:35.766, 1794214355121, vstest.console.dll, AssemblyResolver.OnResolve: Microsoft.Bcl.AsyncInterfaces: Searching in: 'C:\Program Files\dotnet\sdk\5.0.303\Extensions'.
TpTrace Information: 0 : 22008, 1, 2022/05/17, 16:48:35.766, 1794214355664, vstest.console.dll, AssemblyResolver.OnResolve: Microsoft.Bcl.AsyncInterfaces: Assembly path does not exist: 'C:\Program Files\dotnet\sdk\5.0.303\Extensions\Microsoft.Bcl.AsyncInterfaces.dll', returning.
TpTrace Information: 0 : 22008, 1, 2022/05/17, 16:48:35.766, 1794214356113, vstest.console.dll, AssemblyResolver.OnResolve: Microsoft.Bcl.AsyncInterfaces: Assembly path does not exist: 'C:\Program Files\dotnet\sdk\5.0.303\Extensions\Microsoft.Bcl.AsyncInterfaces.exe', returning.
TpTrace Information: 0 : 22008, 1, 2022/05/17, 16:48:35.766, 1794214356446, vstest.console.dll, AssemblyResolver.OnResolve: Microsoft.Bcl.AsyncInterfaces: Searching in: 'C:\Program Files\dotnet\sdk\5.0.303'.
TpTrace Information: 0 : 22008, 1, 2022/05/17, 16:48:35.766, 1794214356889, vstest.console.dll, AssemblyResolver.OnResolve: Microsoft.Bcl.AsyncInterfaces: Assembly path does not exist: 'C:\Program Files\dotnet\sdk\5.0.303\Microsoft.Bcl.AsyncInterfaces.dll', returning.
TpTrace Information: 0 : 22008, 1, 2022/05/17, 16:48:35.766, 1794214357309, vstest.console.dll, AssemblyResolver.OnResolve: Microsoft.Bcl.AsyncInterfaces: Assembly path does not exist: 'C:\Program Files\dotnet\sdk\5.0.303\Microsoft.Bcl.AsyncInterfaces.exe', returning.
TpTrace Information: 0 : 22008, 1, 2022/05/17, 16:48:35.766, 1794214357862, vstest.console.dll, AssemblyResolver.OnResolve: Microsoft.Bcl.AsyncInterfaces: Failed to load assembly.
TpTrace Verbose: 0 : 22008, 1, 2022/05/17, 16:48:35.766, 1794214358273, vstest.console.dll, CurrentDomainAssemblyResolve: Resolving assembly 'Microsoft.Bcl.AsyncInterfaces'.
TpTrace Information: 0 : 22008, 1, 2022/05/17, 16:48:35.766, 1794214358760, vstest.console.dll, AssemblyResolver.OnResolve: Microsoft.Bcl.AsyncInterfaces: Resolving assembly.
TpTrace Information: 0 : 22008, 1, 2022/05/17, 16:48:35.766, 1794214359088, vstest.console.dll, AssemblyResolver.OnResolve: Microsoft.Bcl.AsyncInterfaces: Resolved from cache.
TpTrace Verbose: 0 : 22008, 1, 2022/05/17, 16:48:35.766, 1794214359351, vstest.console.dll, CurrentDomainAssemblyResolve: Resolving assembly 'Microsoft.Bcl.AsyncInterfaces'.
TpTrace Verbose: 0 : 22008, 1, 2022/05/17, 16:48:35.766, 1794214359641, vstest.console.dll, CurrentDomainAssemblyResolve: Failed to resolve assembly 'Microsoft.Bcl.AsyncInterfaces'.
TpTrace Verbose: 0 : 22008, 1, 2022/05/17, 16:48:35.767, 1794214365539, vstest.console.dll, CurrentDomainAssemblyResolve: Failed to resolve assembly 'Microsoft.Bcl.AsyncInterfaces'.
TpTrace Warning: 0 : 22008, 1, 2022/05/17, 16:48:35.778, 1794214479351, vstest.console.dll, TestPluginDiscoverer: Failed to get types from assembly 'Microsoft.Diagnostics.NETCore.Client, Version=0.2.2.41902, Culture=neutral, PublicKeyToken=31bf3856ad364e35'.  Skipping test extension scan for this assembly.  Error: System.Reflection.ReflectionTypeLoadException: Unable to load one or more of the requested types.
Could not load file or assembly 'Microsoft.Bcl.AsyncInterfaces, Version=1.0.0.0, Culture=neutral, PublicKeyToken=cc7b13ffcd2ddd51'. The system cannot find the file specified.
   at System.Reflection.RuntimeModule.GetTypes(RuntimeModule module)
   at System.Reflection.RuntimeModule.GetTypes()
   at System.Reflection.Assembly.GetTypes()
   at Microsoft.VisualStudio.TestPlatform.Common.ExtensionFramework.TestPluginDiscoverer.GetTestExtensionsFromAssembly[TPluginInfo,TExtension](Assembly assembly, Dictionary`2 pluginInfos)
System.IO.FileNotFoundException: Could not load file or assembly 'Microsoft.Bcl.AsyncInterfaces, Version=1.0.0.0, Culture=neutral, PublicKeyToken=cc7b13ffcd2ddd51'. The system cannot find the file specified.
File name: 'Microsoft.Bcl.AsyncInterfaces, Version=1.0.0.0, Culture=neutral, PublicKeyToken=cc7b13ffcd2ddd51'
TpTrace Warning: 0 : 22008, 1, 2022/05/17, 16:48:35.778, 1794214480331, vstest.console.dll, LoaderExceptions: System.IO.FileNotFoundException: Could not load file or assembly 'Microsoft.Bcl.AsyncInterfaces, Version=1.0.0.0, Culture=neutral, PublicKeyToken=cc7b13ffcd2ddd51'. The system cannot find the file specified.
File name: 'Microsoft.Bcl.AsyncInterfaces, Version=1.0.0.0, Culture=neutral, PublicKeyToken=cc7b13ffcd2ddd51'
TpTrace Information: 0 : 22008, 1, 2022/05/17, 16:48:35.778, 1794214481286, vstest.console.dll, AssemblyResolver.OnResolve: Microsoft.TestPlatform.Extensions.BlameDataCollector: Resolving assembly.
TpTrace Information: 0 : 22008, 1, 2022/05/17, 16:48:35.778, 1794214481648, vstest.console.dll, AssemblyResolver.OnResolve: Microsoft.TestPlatform.Extensions.BlameDataCollector: Searching in: 'C:\Program Files\dotnet\sdk\5.0.303\Extensions'.
TpTrace Information: 0 : 22008, 1, 2022/05/17, 16:48:35.779, 1794214486150, vstest.console.dll, AssemblyResolver.OnResolve: Microsoft.TestPlatform.Extensions.BlameDataCollector: Loading assembly 'C:\Program Files\dotnet\sdk\5.0.303\Extensions\Microsoft.TestPlatform.Extensions.BlameDataCollector.dll'.
TpTrace Information: 0 : 22008, 1, 2022/05/17, 16:48:35.779, 1794214491650, vstest.console.dll, AssemblyResolver.OnResolve: Resolved assembly: Microsoft.TestPlatform.Extensions.BlameDataCollector, from path: C:\Program Files\dotnet\sdk\5.0.303\Extensions\Microsoft.TestPlatform.Extensions.BlameDataCollector.dll
TpTrace Information: 0 : 22008, 1, 2022/05/17, 16:48:35.780, 1794214496124, vstest.console.dll, AssemblyResolver.OnResolve: Microsoft.TestPlatform.Extensions.EventLogCollector: Resolving assembly.
TpTrace Information: 0 : 22008, 1, 2022/05/17, 16:48:35.780, 1794214496575, vstest.console.dll, AssemblyResolver.OnResolve: Microsoft.TestPlatform.Extensions.EventLogCollector: Searching in: 'C:\Program Files\dotnet\sdk\5.0.303\Extensions'.
TpTrace Information: 0 : 22008, 1, 2022/05/17, 16:48:35.780, 1794214500217, vstest.console.dll, AssemblyResolver.OnResolve: Microsoft.TestPlatform.Extensions.EventLogCollector: Loading assembly 'C:\Program Files\dotnet\sdk\5.0.303\Extensions\Microsoft.TestPlatform.Extensions.EventLogCollector.dll'.
TpTrace Information: 0 : 22008, 1, 2022/05/17, 16:48:35.781, 1794214504911, vstest.console.dll, AssemblyResolver.OnResolve: Resolved assembly: Microsoft.TestPlatform.Extensions.EventLogCollector, from path: C:\Program Files\dotnet\sdk\5.0.303\Extensions\Microsoft.TestPlatform.Extensions.EventLogCollector.dll
TpTrace Information: 0 : 22008, 1, 2022/05/17, 16:48:35.782, 1794214521448, vstest.console.dll, AssemblyResolver.OnResolve: Microsoft.TestPlatform.TestHostRuntimeProvider: Resolving assembly.
TpTrace Information: 0 : 22008, 1, 2022/05/17, 16:48:35.782, 1794214522135, vstest.console.dll, AssemblyResolver.OnResolve: Microsoft.TestPlatform.TestHostRuntimeProvider: Searching in: 'C:\Program Files\dotnet\sdk\5.0.303\Extensions'.
TpTrace Information: 0 : 22008, 1, 2022/05/17, 16:48:35.783, 1794214525848, vstest.console.dll, AssemblyResolver.OnResolve: Microsoft.TestPlatform.TestHostRuntimeProvider: Loading assembly 'C:\Program Files\dotnet\sdk\5.0.303\Extensions\Microsoft.TestPlatform.TestHostRuntimeProvider.dll'.
TpTrace Information: 0 : 22008, 1, 2022/05/17, 16:48:35.783, 1794214530266, vstest.console.dll, AssemblyResolver.OnResolve: Resolved assembly: Microsoft.TestPlatform.TestHostRuntimeProvider, from path: C:\Program Files\dotnet\sdk\5.0.303\Extensions\Microsoft.TestPlatform.TestHostRuntimeProvider.dll
TpTrace Information: 0 : 22008, 1, 2022/05/17, 16:48:35.784, 1794214539218, vstest.console.dll, AssemblyResolver.OnResolve: Microsoft.VisualStudio.TestPlatform.Extensions.Html.TestLogger: Resolving assembly.
TpTrace Information: 0 : 22008, 1, 2022/05/17, 16:48:35.784, 1794214539716, vstest.console.dll, AssemblyResolver.OnResolve: Microsoft.VisualStudio.TestPlatform.Extensions.Html.TestLogger: Searching in: 'C:\Program Files\dotnet\sdk\5.0.303\Extensions'.
TpTrace Information: 0 : 22008, 1, 2022/05/17, 16:48:35.785, 1794214543725, vstest.console.dll, AssemblyResolver.OnResolve: Microsoft.VisualStudio.TestPlatform.Extensions.Html.TestLogger: Loading assembly 'C:\Program Files\dotnet\sdk\5.0.303\Extensions\Microsoft.VisualStudio.TestPlatform.Extensions.Html.TestLogger.dll'.
TpTrace Information: 0 : 22008, 1, 2022/05/17, 16:48:35.785, 1794214548206, vstest.console.dll, AssemblyResolver.OnResolve: Resolved assembly: Microsoft.VisualStudio.TestPlatform.Extensions.Html.TestLogger, from path: C:\Program Files\dotnet\sdk\5.0.303\Extensions\Microsoft.VisualStudio.TestPlatform.Extensions.Html.TestLogger.dll
TpTrace Information: 0 : 22008, 1, 2022/05/17, 16:48:35.785, 1794214550427, vstest.console.dll, AssemblyResolver.OnResolve: Microsoft.VisualStudio.TestPlatform.Extensions.Trx.TestLogger: Resolving assembly.
TpTrace Information: 0 : 22008, 1, 2022/05/17, 16:48:35.785, 1794214550818, vstest.console.dll, AssemblyResolver.OnResolve: Microsoft.VisualStudio.TestPlatform.Extensions.Trx.TestLogger: Searching in: 'C:\Program Files\dotnet\sdk\5.0.303\Extensions'.
TpTrace Information: 0 : 22008, 1, 2022/05/17, 16:48:35.786, 1794214554576, vstest.console.dll, AssemblyResolver.OnResolve: Microsoft.VisualStudio.TestPlatform.Extensions.Trx.TestLogger: Loading assembly 'C:\Program Files\dotnet\sdk\5.0.303\Extensions\Microsoft.VisualStudio.TestPlatform.Extensions.Trx.TestLogger.dll'.
TpTrace Information: 0 : 22008, 1, 2022/05/17, 16:48:35.786, 1794214560106, vstest.console.dll, AssemblyResolver.OnResolve: Resolved assembly: Microsoft.VisualStudio.TestPlatform.Extensions.Trx.TestLogger, from path: C:\Program Files\dotnet\sdk\5.0.303\Extensions\Microsoft.VisualStudio.TestPlatform.Extensions.Trx.TestLogger.dll
TpTrace Verbose: 0 : 22008, 1, 2022/05/17, 16:48:35.787, 1794214564055, vstest.console.dll, TestPluginCache: Discovered the extensions using extension path ''.
TpTrace Verbose: 0 : 22008, 1, 2022/05/17, 16:48:35.787, 1794214564538, vstest.console.dll, TestPluginCache: Discoverers are ''.
TpTrace Verbose: 0 : 22008, 1, 2022/05/17, 16:48:35.787, 1794214564856, vstest.console.dll, TestPluginCache: Executors are ''.
TpTrace Verbose: 0 : 22008, 1, 2022/05/17, 16:48:35.787, 1794214565093, vstest.console.dll, TestPluginCache: Executors2 are ''.
TpTrace Verbose: 0 : 22008, 1, 2022/05/17, 16:48:35.787, 1794214565300, vstest.console.dll, TestPluginCache: Setting providers are ''.
TpTrace Verbose: 0 : 22008, 1, 2022/05/17, 16:48:35.787, 1794214565505, vstest.console.dll, TestPluginCache: Loggers are ''.
TpTrace Information: 0 : 22008, 1, 2022/05/17, 16:48:35.791, 1794214604168, vstest.console.dll, RunTestsArgumentProcessor:Execute: Test run is starting.
TpTrace Verbose: 0 : 22008, 1, 2022/05/17, 16:48:35.791, 1794214604854, vstest.console.dll, RunTestsArgumentProcessor:Execute: Queuing Test run.
TpTrace Information: 0 : 22008, 1, 2022/05/17, 16:48:35.791, 1794214606213, vstest.console.dll, TestRequestManager.RunTests: run tests started.
TpTrace Information: 0 : 22008, 1, 2022/05/17, 16:48:35.793, 1794214627989, vstest.console.dll, AssemblyMetadataProvider.GetFrameWork: Determined framework:'.NETCoreApp,Version=v3.1' for source: 'D:\Professional Stuffs\HackFSE_TweetApp\Backend\com.tweetapp\com.tweetapp.test\bin\Debug\netcoreapp3.1\fine-code-coverage\build-output\com.tweetapp.test.dll'
TpTrace Information: 0 : 22008, 1, 2022/05/17, 16:48:35.793, 1794214629240, vstest.console.dll, Determined framework for all sources: .NETCoreApp,Version=v3.1
TpTrace Information: 0 : 22008, 1, 2022/05/17, 16:48:35.793, 1794214632140, vstest.console.dll, AssemblyMetadataProvider.GetArchitecture: Determined architecture:AnyCPU info for assembly: D:\Professional Stuffs\HackFSE_TweetApp\Backend\com.tweetapp\com.tweetapp.test\bin\Debug\netcoreapp3.1\fine-code-coverage\build-output\com.tweetapp.test.dll
TpTrace Information: 0 : 22008, 1, 2022/05/17, 16:48:35.795, 1794214646307, vstest.console.dll, Determined platform for all sources: X64
TpTrace Information: 0 : 22008, 1, 2022/05/17, 16:48:35.797, 1794214665918, vstest.console.dll, Compatible sources list : 
TpTrace Information: 0 : 22008, 1, 2022/05/17, 16:48:35.797, 1794214666497, vstest.console.dll, D:\Professional Stuffs\HackFSE_TweetApp\Backend\com.tweetapp\com.tweetapp.test\bin\Debug\netcoreapp3.1\fine-code-coverage\build-output\com.tweetapp.test.dll
TpTrace Information: 0 : 22008, 1, 2022/05/17, 16:48:35.798, 1794214682299, vstest.console.dll, InferRunSettingsHelper.IsTestSettingsEnabled: Unable to navigate to RunSettings/MSTest. Current node: RunSettings
TpTrace Information: 0 : 22008, 1, 2022/05/17, 16:48:35.799, 1794214687642, vstest.console.dll, AssemblyResolver.OnResolve: Microsoft.VisualStudio.TestPlatform.Fakes: Resolving assembly.
TpTrace Information: 0 : 22008, 1, 2022/05/17, 16:48:35.799, 1794214688147, vstest.console.dll, AssemblyResolver.OnResolve: Microsoft.VisualStudio.TestPlatform.Fakes: Searching in: 'C:\Program Files\dotnet\sdk\5.0.303\Extensions'.
TpTrace Information: 0 : 22008, 1, 2022/05/17, 16:48:35.799, 1794214688969, vstest.console.dll, AssemblyResolver.OnResolve: Microsoft.VisualStudio.TestPlatform.Fakes: Assembly path does not exist: 'C:\Program Files\dotnet\sdk\5.0.303\Extensions\Microsoft.VisualStudio.TestPlatform.Fakes.dll', returning.
TpTrace Information: 0 : 22008, 1, 2022/05/17, 16:48:35.799, 1794214689473, vstest.console.dll, AssemblyResolver.OnResolve: Microsoft.VisualStudio.TestPlatform.Fakes: Assembly path does not exist: 'C:\Program Files\dotnet\sdk\5.0.303\Extensions\Microsoft.VisualStudio.TestPlatform.Fakes.exe', returning.
TpTrace Information: 0 : 22008, 1, 2022/05/17, 16:48:35.799, 1794214689784, vstest.console.dll, AssemblyResolver.OnResolve: Microsoft.VisualStudio.TestPlatform.Fakes: Searching in: 'C:\Program Files\dotnet\sdk\5.0.303'.
TpTrace Information: 0 : 22008, 1, 2022/05/17, 16:48:35.799, 1794214690272, vstest.console.dll, AssemblyResolver.OnResolve: Microsoft.VisualStudio.TestPlatform.Fakes: Assembly path does not exist: 'C:\Program Files\dotnet\sdk\5.0.303\Microsoft.VisualStudio.TestPlatform.Fakes.dll', returning.
TpTrace Information: 0 : 22008, 1, 2022/05/17, 16:48:35.799, 1794214690761, vstest.console.dll, AssemblyResolver.OnResolve: Microsoft.VisualStudio.TestPlatform.Fakes: Assembly path does not exist: 'C:\Program Files\dotnet\sdk\5.0.303\Microsoft.VisualStudio.TestPlatform.Fakes.exe', returning.
TpTrace Information: 0 : 22008, 1, 2022/05/17, 16:48:35.799, 1794214691071, vstest.console.dll, AssemblyResolver.OnResolve: Microsoft.VisualStudio.TestPlatform.Fakes: Failed to load assembly.
TpTrace Information: 0 : 22008, 1, 2022/05/17, 16:48:35.800, 1794214693903, vstest.console.dll, Failed to create newly implemented Fakes Configurator. Reason:System.IO.FileNotFoundException: Could not load file or assembly 'Microsoft.VisualStudio.TestPlatform.Fakes, Version=16.0.0.0, Culture=neutral, PublicKeyToken=null'. The system cannot find the file specified.
File name: 'Microsoft.VisualStudio.TestPlatform.Fakes, Version=16.0.0.0, Culture=neutral, PublicKeyToken=null'
   at System.Reflection.RuntimeAssembly.InternalLoad(ObjectHandleOnStack assemblyName, ObjectHandleOnStack requestingAssembly, StackCrawlMarkHandle stackMark, Boolean throwOnFileNotFound, ObjectHandleOnStack assemblyLoadContext, ObjectHandleOnStack retAssembly)
   at System.Reflection.RuntimeAssembly.InternalLoad(AssemblyName assemblyName, RuntimeAssembly requestingAssembly, StackCrawlMark& stackMark, Boolean throwOnFileNotFound, AssemblyLoadContext assemblyLoadContext)
   at System.Reflection.Assembly.Load(AssemblyName assemblyRef)
   at Microsoft.VisualStudio.TestPlatform.Common.Utilities.FakesUtilities.TryGetFakesCrossPlatformDataCollectorConfigurator() 
TpTrace Verbose: 0 : 22008, 1, 2022/05/17, 16:48:35.802, 1794214721507, vstest.console.dll, TestPluginCache.DiscoverTestExtensions: finding test extensions in assemblies ends with: TestLogger.dll TPluginInfo: Microsoft.VisualStudio.TestPlatform.Common.ExtensionFramework.Utilities.TestLoggerPluginInformation TExtension: Microsoft.VisualStudio.TestPlatform.ObjectModel.Client.ITestLogger
TpTrace Verbose: 0 : 22008, 1, 2022/05/17, 16:48:35.802, 1794214722136, vstest.console.dll, TestPluginCache.GetExtensionPaths: Filtered extension paths: 
TpTrace Verbose: 0 : 22008, 1, 2022/05/17, 16:48:35.802, 1794214722433, vstest.console.dll, TestPluginCache.GetExtensionPaths: Added default extension paths: C:\Program Files\dotnet\sdk\5.0.303\Extensions\Microsoft.Diagnostics.NETCore.Client.dll
C:\Program Files\dotnet\sdk\5.0.303\Extensions\Microsoft.TestPlatform.Extensions.BlameDataCollector.dll
C:\Program Files\dotnet\sdk\5.0.303\Extensions\Microsoft.TestPlatform.Extensions.EventLogCollector.dll
C:\Program Files\dotnet\sdk\5.0.303\Extensions\Microsoft.TestPlatform.TestHostRuntimeProvider.dll
C:\Program Files\dotnet\sdk\5.0.303\Extensions\Microsoft.VisualStudio.TestPlatform.Extensions.Html.TestLogger.dll
C:\Program Files\dotnet\sdk\5.0.303\Extensions\Microsoft.VisualStudio.TestPlatform.Extensions.Trx.TestLogger.dll
TpTrace Verbose: 0 : 22008, 1, 2022/05/17, 16:48:35.802, 1794214722733, vstest.console.dll, TestPluginCache.GetExtensionPaths: Added unfilterableExtensionPaths: 
TpTrace Information: 0 : 22008, 1, 2022/05/17, 16:48:35.803, 1794214723696, vstest.console.dll, AssemblyResolver.AddSearchDirectories: Adding more searchDirectories C:\Program Files\dotnet\sdk\5.0.303\Extensions,C:\Program Files\dotnet\sdk\5.0.303
TpTrace Verbose: 0 : 22008, 1, 2022/05/17, 16:48:35.803, 1794214724069, vstest.console.dll, TestPluginCache.DiscoverTestExtensions: Discovering the extensions using extension path.
TpTrace Verbose: 0 : 22008, 1, 2022/05/17, 16:48:35.803, 1794214724349, vstest.console.dll, TestPluginCache.GetExtensionPaths: Filtered extension paths: 
TpTrace Verbose: 0 : 22008, 1, 2022/05/17, 16:48:35.803, 1794214724657, vstest.console.dll, TestPluginCache.GetExtensionPaths: Added default extension paths: C:\Program Files\dotnet\sdk\5.0.303\Extensions\Microsoft.Diagnostics.NETCore.Client.dll
C:\Program Files\dotnet\sdk\5.0.303\Extensions\Microsoft.TestPlatform.Extensions.BlameDataCollector.dll
C:\Program Files\dotnet\sdk\5.0.303\Extensions\Microsoft.TestPlatform.Extensions.EventLogCollector.dll
C:\Program Files\dotnet\sdk\5.0.303\Extensions\Microsoft.TestPlatform.TestHostRuntimeProvider.dll
C:\Program Files\dotnet\sdk\5.0.303\Extensions\Microsoft.VisualStudio.TestPlatform.Extensions.Html.TestLogger.dll
C:\Program Files\dotnet\sdk\5.0.303\Extensions\Microsoft.VisualStudio.TestPlatform.Extensions.Trx.TestLogger.dll
TpTrace Verbose: 0 : 22008, 1, 2022/05/17, 16:48:35.803, 1794214724908, vstest.console.dll, TestPluginCache.GetExtensionPaths: Added unfilterableExtensionPaths: 
TpTrace Verbose: 0 : 22008, 1, 2022/05/17, 16:48:35.803, 1794214725196, vstest.console.dll, TestPluginCache.DiscoverTestExtensions: Discovering the extensions using allExtensionPaths: C:\Program Files\dotnet\sdk\5.0.303\Extensions\Microsoft.Diagnostics.NETCore.Client.dll
C:\Program Files\dotnet\sdk\5.0.303\Extensions\Microsoft.TestPlatform.Extensions.BlameDataCollector.dll
C:\Program Files\dotnet\sdk\5.0.303\Extensions\Microsoft.TestPlatform.Extensions.EventLogCollector.dll
C:\Program Files\dotnet\sdk\5.0.303\Extensions\Microsoft.TestPlatform.TestHostRuntimeProvider.dll
C:\Program Files\dotnet\sdk\5.0.303\Extensions\Microsoft.VisualStudio.TestPlatform.Extensions.Html.TestLogger.dll
C:\Program Files\dotnet\sdk\5.0.303\Extensions\Microsoft.VisualStudio.TestPlatform.Extensions.Trx.TestLogger.dll
TpTrace Information: 0 : 22008, 1, 2022/05/17, 16:48:35.803, 1794214725543, vstest.console.dll, AssemblyResolver.AddSearchDirectories: Adding more searchDirectories C:\Program Files\dotnet\sdk\5.0.303\Extensions,C:\Program Files\dotnet\sdk\5.0.303
TpTrace Information: 0 : 22008, 1, 2022/05/17, 16:48:35.803, 1794214725866, vstest.console.dll, AssemblyResolver.AddSearchDirectories: Adding more searchDirectories C:\Program Files\dotnet\sdk\5.0.303\Extensions,C:\Program Files\dotnet\sdk\5.0.303
TpTrace Information: 0 : 22008, 1, 2022/05/17, 16:48:35.803, 1794214726113, vstest.console.dll, AssemblyResolver.AddSearchDirectories: Adding more searchDirectories C:\Program Files\dotnet\sdk\5.0.303\Extensions,C:\Program Files\dotnet\sdk\5.0.303
TpTrace Information: 0 : 22008, 1, 2022/05/17, 16:48:35.803, 1794214726353, vstest.console.dll, AssemblyResolver.AddSearchDirectories: Adding more searchDirectories C:\Program Files\dotnet\sdk\5.0.303\Extensions,C:\Program Files\dotnet\sdk\5.0.303
TpTrace Information: 0 : 22008, 1, 2022/05/17, 16:48:35.803, 1794214726620, vstest.console.dll, AssemblyResolver.AddSearchDirectories: Adding more searchDirectories C:\Program Files\dotnet\sdk\5.0.303\Extensions,C:\Program Files\dotnet\sdk\5.0.303
TpTrace Information: 0 : 22008, 1, 2022/05/17, 16:48:35.803, 1794214726859, vstest.console.dll, AssemblyResolver.AddSearchDirectories: Adding more searchDirectories C:\Program Files\dotnet\sdk\5.0.303\Extensions,C:\Program Files\dotnet\sdk\5.0.303
TpTrace Information: 0 : 22008, 1, 2022/05/17, 16:48:35.803, 1794214728613, vstest.console.dll, AssemblyResolver.OnResolve: Microsoft.Bcl.AsyncInterfaces: Resolving assembly.
TpTrace Information: 0 : 22008, 1, 2022/05/17, 16:48:35.803, 1794214728987, vstest.console.dll, AssemblyResolver.OnResolve: Microsoft.Bcl.AsyncInterfaces: Resolved from cache.
TpTrace Verbose: 0 : 22008, 1, 2022/05/17, 16:48:35.803, 1794214729261, vstest.console.dll, CurrentDomainAssemblyResolve: Resolving assembly 'Microsoft.Bcl.AsyncInterfaces'.
TpTrace Information: 0 : 22008, 1, 2022/05/17, 16:48:35.803, 1794214729673, vstest.console.dll, AssemblyResolver.OnResolve: Microsoft.Bcl.AsyncInterfaces: Resolving assembly.
TpTrace Information: 0 : 22008, 1, 2022/05/17, 16:48:35.803, 1794214729953, vstest.console.dll, AssemblyResolver.OnResolve: Microsoft.Bcl.AsyncInterfaces: Resolved from cache.
TpTrace Verbose: 0 : 22008, 1, 2022/05/17, 16:48:35.803, 1794214730225, vstest.console.dll, CurrentDomainAssemblyResolve: Resolving assembly 'Microsoft.Bcl.AsyncInterfaces'.
TpTrace Verbose: 0 : 22008, 1, 2022/05/17, 16:48:35.803, 1794214730453, vstest.console.dll, CurrentDomainAssemblyResolve: Failed to resolve assembly 'Microsoft.Bcl.AsyncInterfaces'.
TpTrace Verbose: 0 : 22008, 1, 2022/05/17, 16:48:35.803, 1794214731603, vstest.console.dll, CurrentDomainAssemblyResolve: Failed to resolve assembly 'Microsoft.Bcl.AsyncInterfaces'.
TpTrace Warning: 0 : 22008, 1, 2022/05/17, 16:48:35.804, 1794214733608, vstest.console.dll, TestPluginDiscoverer: Failed to get types from assembly 'Microsoft.Diagnostics.NETCore.Client, Version=0.2.2.41902, Culture=neutral, PublicKeyToken=31bf3856ad364e35'.  Skipping test extension scan for this assembly.  Error: System.Reflection.ReflectionTypeLoadException: Unable to load one or more of the requested types.
Could not load file or assembly 'Microsoft.Bcl.AsyncInterfaces, Version=1.0.0.0, Culture=neutral, PublicKeyToken=cc7b13ffcd2ddd51'. The system cannot find the file specified.
   at System.Reflection.RuntimeModule.GetTypes(RuntimeModule module)
   at System.Reflection.RuntimeModule.GetTypes()
   at System.Reflection.Assembly.GetTypes()
   at Microsoft.VisualStudio.TestPlatform.Common.ExtensionFramework.TestPluginDiscoverer.GetTestExtensionsFromAssembly[TPluginInfo,TExtension](Assembly assembly, Dictionary`2 pluginInfos)
System.IO.FileNotFoundException: Could not load file or assembly 'Microsoft.Bcl.AsyncInterfaces, Version=1.0.0.0, Culture=neutral, PublicKeyToken=cc7b13ffcd2ddd51'. The system cannot find the file specified.
File name: 'Microsoft.Bcl.AsyncInterfaces, Version=1.0.0.0, Culture=neutral, PublicKeyToken=cc7b13ffcd2ddd51'
TpTrace Warning: 0 : 22008, 1, 2022/05/17, 16:48:35.804, 1794214734026, vstest.console.dll, LoaderExceptions: System.IO.FileNotFoundException: Could not load file or assembly 'Microsoft.Bcl.AsyncInterfaces, Version=1.0.0.0, Culture=neutral, PublicKeyToken=cc7b13ffcd2ddd51'. The system cannot find the file specified.
File name: 'Microsoft.Bcl.AsyncInterfaces, Version=1.0.0.0, Culture=neutral, PublicKeyToken=cc7b13ffcd2ddd51'
TpTrace Verbose: 0 : 22008, 1, 2022/05/17, 16:48:35.804, 1794214736715, vstest.console.dll, TestPluginCache: Discovered the extensions using extension path ''.
TpTrace Verbose: 0 : 22008, 1, 2022/05/17, 16:48:35.804, 1794214737056, vstest.console.dll, TestPluginCache: Discoverers are ''.
TpTrace Verbose: 0 : 22008, 1, 2022/05/17, 16:48:35.804, 1794214737281, vstest.console.dll, TestPluginCache: Executors are ''.
TpTrace Verbose: 0 : 22008, 1, 2022/05/17, 16:48:35.804, 1794214737554, vstest.console.dll, TestPluginCache: Executors2 are ''.
TpTrace Verbose: 0 : 22008, 1, 2022/05/17, 16:48:35.804, 1794214737764, vstest.console.dll, TestPluginCache: Setting providers are ''.
TpTrace Verbose: 0 : 22008, 1, 2022/05/17, 16:48:35.804, 1794214738303, vstest.console.dll, TestPluginCache: Loggers are 'logger://Microsoft/TestPlatform/Extensions/Blame/v1,logger://Microsoft/TestPlatform/HtmlLogger/v1,logger://Microsoft/TestPlatform/TrxLogger/v1'.
TpTrace Information: 0 : 22008, 1, 2022/05/17, 16:48:35.804, 1794214742937, vstest.console.dll, TestPluginManager.CreateTestExtension: Attempting to load test extension: Microsoft.TestPlatform.Extensions.BlameDataCollector.BlameLogger
TpTrace Information: 0 : 22008, 1, 2022/05/17, 16:48:35.811, 1794214807122, vstest.console.dll, TestPluginManager.CreateTestExtension: Attempting to load test extension: Microsoft.VisualStudio.TestPlatform.CrossPlatEngine.Hosting.DefaultTestHostManager
TpTrace Information: 0 : 22008, 1, 2022/05/17, 16:48:35.811, 1794214809362, vstest.console.dll, TestPluginManager.CreateTestExtension: Attempting to load test extension: Microsoft.VisualStudio.TestPlatform.CrossPlatEngine.Hosting.DotnetTestHostManager
TpTrace Verbose: 0 : 22008, 1, 2022/05/17, 16:48:35.812, 1794214813820, vstest.console.dll, TestEngine: Initializing Parallel Execution as MaxCpuCount is set to: 1
TpTrace Information: 0 : 22008, 1, 2022/05/17, 16:48:35.812, 1794214817679, vstest.console.dll, InferRunSettingsHelper.IsTestSettingsEnabled: Unable to navigate to RunSettings/MSTest. Current node: RunSettings
TpTrace Verbose: 0 : 22008, 1, 2022/05/17, 16:48:35.823, 1794214925289, vstest.console.dll, TestRequestSender is acting as server
TpTrace Verbose: 0 : 22008, 4, 2022/05/17, 16:48:35.825, 1794214950699, vstest.console.dll, DataCollectionRequestSender.InitializeCommunication : Initialize communication. 
TpTrace Information: 0 : 22008, 4, 2022/05/17, 16:48:35.834, 1794215041698, vstest.console.dll, Listening on Endpoint : 127.0.0.1:54282
TpTrace Verbose: 0 : 22008, 4, 2022/05/17, 16:48:35.844, 1794215136462, vstest.console.dll, DotnetDataCollectionLauncher: Full path of dotnet.exe is C:\Program Files\dotnet\dotnet.exe
TpTrace Verbose: 0 : 22008, 4, 2022/05/17, 16:48:35.844, 1794215137738, vstest.console.dll, DotnetDataCollectionLauncher: Adding  --runtimeconfig "C:\Program Files\dotnet\sdk\5.0.303\datacollector.runtimeconfig.json" in args
TpTrace Verbose: 0 : 22008, 4, 2022/05/17, 16:48:35.844, 1794215138417, vstest.console.dll, DotnetDataCollectionLauncher: Adding  --depsfile "C:\Program Files\dotnet\sdk\5.0.303\datacollector.deps.json" in args
TpTrace Information: 0 : 22008, 4, 2022/05/17, 16:48:35.850, 1794215200807, vstest.console.dll, ProxyDataCollectionManager.Initialize: Launched datacollector processId: 5108 port: 54282
TpTrace Information: 0 : 22008, 4, 2022/05/17, 16:48:35.850, 1794215202438, vstest.console.dll, ProxyDataCollectionManager.Initialize: waiting for connection with timeout: 90 seconds
TpTrace Verbose: 0 : 22008, 4, 2022/05/17, 16:48:35.850, 1794215203282, vstest.console.dll, DataCollectionRequestSender.WaitForRequestHandlerConnection : Waiting for connection with timeout: 90000
TpTrace Information: 0 : 22008, 7, 2022/05/17, 16:48:35.974, 1794216439144, vstest.console.dll, Using the buffer size of 16384 bytes
TpTrace Verbose: 0 : 22008, 4, 2022/05/17, 16:48:35.974, 1794216439746, vstest.console.dll, ProxyDataCollectionManager.InvokeDataCollectionServiceAction: Starting.
TpTrace Information: 0 : 22008, 7, 2022/05/17, 16:48:35.974, 1794216440338, vstest.console.dll, Accepted Client request and set the flag
TpTrace Information: 0 : 22008, 4, 2022/05/17, 16:48:35.974, 1794216441262, vstest.console.dll, ProxyDataCollectionManager.BeforeTestRunStart: Get environment variable and port for datacollector processId: 5108 port: 54282
TpTrace Verbose: 0 : 22008, 4, 2022/05/17, 16:48:35.974, 1794216442610, vstest.console.dll, DataCollectionRequestSender.SendBeforeTestRunStartAndGetResult : Send BeforeTestRunStart message with settingsXml <RunSettings><RunConfiguration><ResultsDirectory>D:\Professional Stuffs\HackFSE_TweetApp\Backend\com.tweetapp\com.tweetapp.test\bin\Debug\netcoreapp3.1\fine-code-coverage\coverage-tool-output</ResultsDirectory><TargetPlatform>X64</TargetPlatform><TargetFrameworkVersion>.NETCoreApp,Version=v3.1</TargetFrameworkVersion><DesignMode>False</DesignMode><CollectSourceInformation>False</CollectSourceInformation><TestAdaptersPaths>C:\Program Files\dotnet\sdk\5.0.303\Extensions</TestAdaptersPaths></RunConfiguration><LoggerRunSettings><Loggers><Logger friendlyName="blame" enabled="True" /><Logger friendlyName="Console" uri="logger://microsoft/TestPlatform/ConsoleLogger/v1" assemblyQualifiedName="Microsoft.VisualStudio.TestPlatform.CommandLine.Internal.ConsoleLogger, vstest.console, Version=15.0.0.0, Culture=neutral, PublicKeyToken=b03f5f7f11d50a3a" codeBase="C:\Program Files\dotnet\sdk\5.0.303\vstest.console.dll" enabled="True" /></Loggers></LoggerRunSettings><DataCollectionRunSettings><DataCollectors><DataCollector friendlyName="blame" enabled="True"><Configuration><ResultsDirectory>D:\Professional Stuffs\HackFSE_TweetApp\Backend\com.tweetapp\com.tweetapp.test\bin\Debug\netcoreapp3.1\fine-code-coverage\coverage-tool-output</ResultsDirectory></Configuration></DataCollector></DataCollectors></DataCollectionRunSettings></RunSettings> and sources System.Linq.Enumerable+Concat2Iterator`1[System.String]: 
TpTrace Verbose: 0 : 22008, 4, 2022/05/17, 16:48:36.033, 1794217027505, vstest.console.dll, DataCollectionRequestSender.SendBeforeTestRunStartAndGetResult : Received message: (DataCollection.SendMessage) -> {
  "FriendlyName": null,
  "Uri": null,
  "TestCaseId": "00000000-0000-0000-0000-000000000000",
  "Message": "Logging DataCollector Diagnostics in file: D:\\Professional Stuffs\\HackFSE_TweetApp\\Backend\\com.tweetapp\\com.tweetapp.test\\bin\\Debug\\netcoreapp3.1\\fine-code-coverage\\coverage-tool-output\\diagnostics.datacollector.22-05-17_16-48-35_84004_4.log",
  "Level": 0
}
TpTrace Verbose: 0 : 22008, 4, 2022/05/17, 16:48:36.086, 1794217561725, vstest.console.dll, DataCollectionRequestSender.SendBeforeTestRunStartAndGetResult : Received message: (DataCollection.BeforeTestRunStartResult) -> {
  "EnvironmentVariables": {},
  "DataCollectionEventsPort": 54284
}
TpTrace Information: 0 : 22008, 4, 2022/05/17, 16:48:36.089, 1794217590256, vstest.console.dll, ProxyDataCollectionManager.BeforeTestRunStart: SendBeforeTestRunStartAndGetResult successful, env variable from datacollector:   and testhost port: 54284
TpTrace Information: 0 : 22008, 4, 2022/05/17, 16:48:36.089, 1794217590872, vstest.console.dll, ProxyDataCollectionManager.InvokeDataCollectionServiceAction: Completed.
TpTrace Verbose: 0 : 22008, 1, 2022/05/17, 16:48:36.089, 1794217591964, vstest.console.dll, TestRunRequest.ExecuteAsync: Creating test run request.
TpTrace Verbose: 0 : 22008, 1, 2022/05/17, 16:48:36.090, 1794217593869, vstest.console.dll, TestRunRequest.ExecuteAsync: Starting.
TpTrace Information: 0 : 22008, 1, 2022/05/17, 16:48:36.090, 1794217595821, vstest.console.dll, TestRunRequest.ExecuteAsync: Starting run with settings:TestRunCriteria:
   KeepAlive=False,FrequencyOfRunStatsChangeEvent=10,RunStatsChangeEventTimeout=00:00:01.5000000,TestCaseFilter=,TestExecutorLauncher=
   Settingsxml=<RunSettings>
  <RunConfiguration>
    <ResultsDirectory>D:\Professional Stuffs\HackFSE_TweetApp\Backend\com.tweetapp\com.tweetapp.test\bin\Debug\netcoreapp3.1\fine-code-coverage\coverage-tool-output</ResultsDirectory>
    <TargetPlatform>X64</TargetPlatform>
    <TargetFrameworkVersion>.NETCoreApp,Version=v3.1</TargetFrameworkVersion>
    <DesignMode>False</DesignMode>
    <CollectSourceInformation>False</CollectSourceInformation>
  </RunConfiguration>
  <LoggerRunSettings>
    <Loggers>
      <Logger friendlyName="blame" enabled="True" />
      <Logger friendlyName="Console" uri="logger://microsoft/TestPlatform/ConsoleLogger/v1" assemblyQualifiedName="Microsoft.VisualStudio.TestPlatform.CommandLine.Internal.ConsoleLogger, vstest.console, Version=15.0.0.0, Culture=neutral, PublicKeyToken=b03f5f7f11d50a3a" codeBase="C:\Program Files\dotnet\sdk\5.0.303\vstest.console.dll" enabled="True" />
    </Loggers>
  </LoggerRunSettings>
  <DataCollectionRunSettings>
    <DataCollectors>
      <DataCollector friendlyName="blame" enabled="True">
        <Configuration>
          <ResultsDirectory>D:\Professional Stuffs\HackFSE_TweetApp\Backend\com.tweetapp\com.tweetapp.test\bin\Debug\netcoreapp3.1\fine-code-coverage\coverage-tool-output</ResultsDirectory>
        </Configuration>
      </DataCollector>
    </DataCollectors>
  </DataCollectionRunSettings>
</RunSettings>

TpTrace Verbose: 0 : 22008, 1, 2022/05/17, 16:48:36.090, 1794217596273, vstest.console.dll, TestRunRequest.ExecuteAsync: Wait for the first run request is over.
TpTrace Verbose: 0 : 22008, 1, 2022/05/17, 16:48:36.090, 1794217599295, vstest.console.dll, ParallelProxyExecutionManager: Start execution. Total sources: 1
TpTrace Information: 0 : 22008, 1, 2022/05/17, 16:48:36.091, 1794217604827, vstest.console.dll, ProxyParallelExecutionManager: Triggering test run for next source: D:\Professional Stuffs\HackFSE_TweetApp\Backend\com.tweetapp\com.tweetapp.test\bin\Debug\netcoreapp3.1\fine-code-coverage\build-output\com.tweetapp.test.dll
TpTrace Verbose: 0 : 22008, 1, 2022/05/17, 16:48:36.091, 1794217606394, vstest.console.dll, ProxyParallelExecutionManager: No sources available for execution.
TpTrace Verbose: 0 : 22008, 6, 2022/05/17, 16:48:36.091, 1794217606471, vstest.console.dll, ParallelProxyExecutionManager: Execution started. Started clients: 1
TpTrace Information: 0 : 22008, 1, 2022/05/17, 16:48:36.091, 1794217606834, vstest.console.dll, TestRunRequest.ExecuteAsync: Started.
TpTrace Verbose: 0 : 22008, 1, 2022/05/17, 16:48:36.091, 1794217607947, vstest.console.dll, TestRunRequest.WaitForCompletion: Waiting with timeout -1.
TpTrace Verbose: 0 : 22008, 6, 2022/05/17, 16:48:36.091, 1794217608991, vstest.console.dll, TestRunRequest:SendTestRunMessage: Starting.
TpTrace Information: 0 : 22008, 6, 2022/05/17, 16:48:36.091, 1794217609830, vstest.console.dll, TestRunRequest:SendTestRunMessage: Completed.
TpTrace Verbose: 0 : 22008, 6, 2022/05/17, 16:48:36.091, 1794217611363, vstest.console.dll, ProxyExecutionManager: Test host is always Lazy initialize.
TpTrace Verbose: 0 : 22008, 6, 2022/05/17, 16:48:36.091, 1794217613196, vstest.console.dll, TestRequestSender.InitializeCommunication: initialize communication. 
TpTrace Information: 0 : 22008, 6, 2022/05/17, 16:48:36.092, 1794217617116, vstest.console.dll, SocketServer.Start: Listening on endpoint : 127.0.0.1:54285
TpTrace Verbose: 0 : 22008, 6, 2022/05/17, 16:48:36.092, 1794217622127, vstest.console.dll, DotnetTestHostmanager: Adding  --runtimeconfig "D:\Professional Stuffs\HackFSE_TweetApp\Backend\com.tweetapp\com.tweetapp.test\bin\Debug\netcoreapp3.1\fine-code-coverage\build-output\com.tweetapp.test.runtimeconfig.json" in args
TpTrace Verbose: 0 : 22008, 6, 2022/05/17, 16:48:36.092, 1794217622683, vstest.console.dll, DotnetTestHostmanager: Adding  --depsfile "D:\Professional Stuffs\HackFSE_TweetApp\Backend\com.tweetapp\com.tweetapp.test\bin\Debug\netcoreapp3.1\fine-code-coverage\build-output\com.tweetapp.test.deps.json" in args
TpTrace Information: 0 : 22008, 6, 2022/05/17, 16:48:36.093, 1794217624540, vstest.console.dll, AssemblyResolver.OnResolve: Microsoft.Extensions.DependencyModel: Resolving assembly.
TpTrace Information: 0 : 22008, 6, 2022/05/17, 16:48:36.093, 1794217624968, vstest.console.dll, AssemblyResolver.OnResolve: Microsoft.Extensions.DependencyModel: Searching in: 'C:\Program Files\dotnet\sdk\5.0.303\Extensions'.
TpTrace Information: 0 : 22008, 6, 2022/05/17, 16:48:36.093, 1794217625589, vstest.console.dll, AssemblyResolver.OnResolve: Microsoft.Extensions.DependencyModel: Assembly path does not exist: 'C:\Program Files\dotnet\sdk\5.0.303\Extensions\Microsoft.Extensions.DependencyModel.dll', returning.
TpTrace Information: 0 : 22008, 6, 2022/05/17, 16:48:36.093, 1794217626132, vstest.console.dll, AssemblyResolver.OnResolve: Microsoft.Extensions.DependencyModel: Assembly path does not exist: 'C:\Program Files\dotnet\sdk\5.0.303\Extensions\Microsoft.Extensions.DependencyModel.exe', returning.
TpTrace Information: 0 : 22008, 6, 2022/05/17, 16:48:36.093, 1794217626400, vstest.console.dll, AssemblyResolver.OnResolve: Microsoft.Extensions.DependencyModel: Searching in: 'C:\Program Files\dotnet\sdk\5.0.303'.
TpTrace Information: 0 : 22008, 6, 2022/05/17, 16:48:36.093, 1794217631306, vstest.console.dll, AssemblyResolver.OnResolve: Microsoft.Extensions.DependencyModel: Loading assembly 'C:\Program Files\dotnet\sdk\5.0.303\Microsoft.Extensions.DependencyModel.dll'.
TpTrace Information: 0 : 22008, 6, 2022/05/17, 16:48:36.094, 1794217636970, vstest.console.dll, AssemblyResolver.OnResolve: Resolved assembly: Microsoft.Extensions.DependencyModel, from path: C:\Program Files\dotnet\sdk\5.0.303\Microsoft.Extensions.DependencyModel.dll
TpTrace Verbose: 0 : 22008, 6, 2022/05/17, 16:48:36.094, 1794217638821, vstest.console.dll, DotnetTestHostmanager: Reading file D:\Professional Stuffs\HackFSE_TweetApp\Backend\com.tweetapp\com.tweetapp.test\bin\Debug\netcoreapp3.1\fine-code-coverage\build-output\com.tweetapp.test.deps.json to get path of testhost.dll
TpTrace Verbose: 0 : 22008, 6, 2022/05/17, 16:48:36.115, 1794217845295, vstest.console.dll, DotnetTestHostmanager: Relative path of testhost.dll with respect to package folder is microsoft.testplatform.testhost/16.5.0\lib/netcoreapp2.1/testhost.dll
TpTrace Verbose: 0 : 22008, 6, 2022/05/17, 16:48:36.115, 1794217849946, vstest.console.dll, DotnetTestHostmanager: Looking for path microsoft.testplatform.testhost/16.5.0\lib/netcoreapp2.1/testhost.dll in folder C:\Users\ASHFAK\.dotnet\store\|arch|\|tfm|
TpTrace Verbose: 0 : 22008, 6, 2022/05/17, 16:48:36.115, 1794217850816, vstest.console.dll, DotnetTestHostmanager: Looking for path microsoft.testplatform.testhost/16.5.0\lib/netcoreapp2.1/testhost.dll in folder C:\Users\ASHFAK\.nuget\packages
TpTrace Verbose: 0 : 22008, 6, 2022/05/17, 16:48:36.115, 1794217852268, vstest.console.dll, DotnetTestHostManager: Testhost.exe/testhost.x86.exe found at path: C:\Users\ASHFAK\.nuget\packages\microsoft.testplatform.testhost\16.5.0\build\netcoreapp2.1\x64\testhost.exe
TpTrace Verbose: 0 : 22008, 6, 2022/05/17, 16:48:36.115, 1794217852671, vstest.console.dll, DotnetTestHostmanager: Full path of host exe is C:\Users\ASHFAK\.nuget\packages\microsoft.testplatform.testhost\16.5.0\build\netcoreapp2.1\x64\testhost.exe
TpTrace Verbose: 0 : 22008, 4, 2022/05/17, 16:48:36.116, 1794217859917, vstest.console.dll, DotnetTestHostManager: Starting process 'C:\Users\ASHFAK\.nuget\packages\microsoft.testplatform.testhost\16.5.0\build\netcoreapp2.1\x64\testhost.exe' with command line ' --runtimeconfig "D:\Professional Stuffs\HackFSE_TweetApp\Backend\com.tweetapp\com.tweetapp.test\bin\Debug\netcoreapp3.1\fine-code-coverage\build-output\com.tweetapp.test.runtimeconfig.json" --depsfile "D:\Professional Stuffs\HackFSE_TweetApp\Backend\com.tweetapp\com.tweetapp.test\bin\Debug\netcoreapp3.1\fine-code-coverage\build-output\com.tweetapp.test.deps.json" --port 54285 --endpoint 127.0.0.1:054285 --role client --parentprocessid 22008 --diag "D:\Professional Stuffs\HackFSE_TweetApp\Backend\com.tweetapp\com.tweetapp.test\bin\Debug\netcoreapp3.1\fine-code-coverage\coverage-tool-output\diagnostics.host.22-05-17_16-48-36_09260_6.log" --tracelevel 4 --datacollectionport 54284 --telemetryoptedin false'
TpTrace Verbose: 0 : 22008, 4, 2022/05/17, 16:48:36.120, 1794217895558, vstest.console.dll, Test Runtime launched
TpTrace Verbose: 0 : 22008, 6, 2022/05/17, 16:48:36.120, 1794217901855, vstest.console.dll, TestRequestSender.WaitForRequestHandlerConnection: waiting for connection with timeout: 90000
TpTrace Verbose: 0 : 22008, 4, 2022/05/17, 16:48:36.278, 1794219475702, vstest.console.dll, SocketServer.OnClientConnected: Client connected for endPoint: 127.0.0.1:54285, starting MessageLoopAsync:
TpTrace Verbose: 0 : 22008, 14, 2022/05/17, 16:48:36.278, 1794219477812, vstest.console.dll, TcpClientExtensions.MessageLoopAsync: Polling on remoteEndPoint: 127.0.0.1:54287 localEndPoint: 127.0.0.1:54285
TpTrace Verbose: 0 : 22008, 14, 2022/05/17, 16:48:36.415, 1794220851238, vstest.console.dll, TcpClientExtensions.MessageLoopAsync: NotifyDataAvailable remoteEndPoint: 127.0.0.1:54287 localEndPoint: 127.0.0.1:54285
TpTrace Verbose: 0 : 22008, 14, 2022/05/17, 16:48:36.415, 1794220853382, vstest.console.dll, TestRequestSender.CheckVersionWithTestHost: onMessageReceived received message: (ProtocolVersion) -> 2
TpTrace Verbose: 0 : 22008, 14, 2022/05/17, 16:48:36.416, 1794220857235, vstest.console.dll, TcpClientExtensions.MessageLoopAsync: Polling on remoteEndPoint: 127.0.0.1:54287 localEndPoint: 127.0.0.1:54285
TpTrace Verbose: 0 : 22008, 6, 2022/05/17, 16:48:36.416, 1794220858220, vstest.console.dll, TestPluginCache.GetExtensionPaths: Filtered extension paths: 
TpTrace Verbose: 0 : 22008, 6, 2022/05/17, 16:48:36.416, 1794220858725, vstest.console.dll, TestPluginCache.GetExtensionPaths: Added default extension paths: C:\Program Files\dotnet\sdk\5.0.303\Extensions\Microsoft.Diagnostics.NETCore.Client.dll
C:\Program Files\dotnet\sdk\5.0.303\Extensions\Microsoft.TestPlatform.Extensions.BlameDataCollector.dll
C:\Program Files\dotnet\sdk\5.0.303\Extensions\Microsoft.TestPlatform.Extensions.EventLogCollector.dll
C:\Program Files\dotnet\sdk\5.0.303\Extensions\Microsoft.TestPlatform.TestHostRuntimeProvider.dll
C:\Program Files\dotnet\sdk\5.0.303\Extensions\Microsoft.VisualStudio.TestPlatform.Extensions.Html.TestLogger.dll
C:\Program Files\dotnet\sdk\5.0.303\Extensions\Microsoft.VisualStudio.TestPlatform.Extensions.Trx.TestLogger.dll
TpTrace Verbose: 0 : 22008, 6, 2022/05/17, 16:48:36.416, 1794220859034, vstest.console.dll, TestPluginCache.GetExtensionPaths: Added unfilterableExtensionPaths: 
TpTrace Verbose: 0 : 22008, 6, 2022/05/17, 16:48:36.419, 1794220885514, vstest.console.dll, TestRequestSender.InitializeExecution: Sending initializing execution with message: {"Version":2,"MessageType":"TestExecution.Initialize","Payload":["D:\\Professional Stuffs\\HackFSE_TweetApp\\Backend\\com.tweetapp\\com.tweetapp.test\\bin\\Debug\\netcoreapp3.1\\fine-code-coverage\\build-output\\NUnit3.TestAdapter.dll"]}
TpTrace Verbose: 0 : 22008, 14, 2022/05/17, 16:48:36.427, 1794220968514, vstest.console.dll, TcpClientExtensions.MessageLoopAsync: NotifyDataAvailable remoteEndPoint: 127.0.0.1:54287 localEndPoint: 127.0.0.1:54285
TpTrace Verbose: 0 : 22008, 14, 2022/05/17, 16:48:36.427, 1794220969743, vstest.console.dll, TestRequestSender.OnExecutionMessageReceived: Received message: {"Version":2,"MessageType":"TestSession.Message","Payload":{"MessageLevel":0,"Message":"Logging TestHost Diagnostics in file: D:\\Professional Stuffs\\HackFSE_TweetApp\\Backend\\com.tweetapp\\com.tweetapp.test\\bin\\Debug\\netcoreapp3.1\\fine-code-coverage\\coverage-tool-output\\diagnostics.host.22-05-17_16-48-36_09260_6.log"}}
TpTrace Verbose: 0 : 22008, 14, 2022/05/17, 16:48:36.429, 1794220985636, vstest.console.dll, TestRunRequest:SendTestRunMessage: Starting.
TpTrace Information: 0 : 22008, 14, 2022/05/17, 16:48:36.429, 1794220987064, vstest.console.dll, TestRunRequest:SendTestRunMessage: Completed.
TpTrace Verbose: 0 : 22008, 14, 2022/05/17, 16:48:36.429, 1794220987588, vstest.console.dll, TcpClientExtensions.MessageLoopAsync: Polling on remoteEndPoint: 127.0.0.1:54287 localEndPoint: 127.0.0.1:54285
TpTrace Verbose: 0 : 22008, 6, 2022/05/17, 16:48:36.430, 1794221003092, vstest.console.dll, TestRequestSender.StartTestRun: Sending test run with message: {"Version":2,"MessageType":"TestExecution.StartWithSources","Payload":{"AdapterSourceMap":{"_none_":["D:\\Professional Stuffs\\HackFSE_TweetApp\\Backend\\com.tweetapp\\com.tweetapp.test\\bin\\Debug\\netcoreapp3.1\\fine-code-coverage\\build-output\\com.tweetapp.test.dll"]},"RunSettings":"<RunSettings>\r\n  <RunConfiguration>\r\n    <ResultsDirectory>D:\\Professional Stuffs\\HackFSE_TweetApp\\Backend\\com.tweetapp\\com.tweetapp.test\\bin\\Debug\\netcoreapp3.1\\fine-code-coverage\\coverage-tool-output</ResultsDirectory>\r\n    <TargetPlatform>X64</TargetPlatform>\r\n    <TargetFrameworkVersion>.NETCoreApp,Version=v3.1</TargetFrameworkVersion>\r\n    <DesignMode>False</DesignMode>\r\n    <CollectSourceInformation>False</CollectSourceInformation>\r\n  </RunConfiguration>\r\n  <LoggerRunSettings>\r\n    <Loggers>\r\n      <Logger friendlyName=\"blame\" enabled=\"True\" />\r\n      <Logger friendlyName=\"Console\" uri=\"logger://microsoft/TestPlatform/ConsoleLogger/v1\" assemblyQualifiedName=\"Microsoft.VisualStudio.TestPlatform.CommandLine.Internal.ConsoleLogger, vstest.console, Version=15.0.0.0, Culture=neutral, PublicKeyToken=b03f5f7f11d50a3a\" codeBase=\"C:\\Program Files\\dotnet\\sdk\\5.0.303\\vstest.console.dll\" enabled=\"True\" />\r\n    </Loggers>\r\n  </LoggerRunSettings>\r\n  <DataCollectionRunSettings>\r\n    <DataCollectors>\r\n      <DataCollector friendlyName=\"blame\" enabled=\"True\">\r\n        <Configuration>\r\n          <ResultsDirectory>D:\\Professional Stuffs\\HackFSE_TweetApp\\Backend\\com.tweetapp\\com.tweetapp.test\\bin\\Debug\\netcoreapp3.1\\fine-code-coverage\\coverage-tool-output</ResultsDirectory>\r\n        </Configuration>\r\n      </DataCollector>\r\n    </DataCollectors>\r\n  </DataCollectionRunSettings>\r\n</RunSettings>","TestExecutionContext":{"FrequencyOfRunStatsChangeEvent":10,"RunStatsChangeEventTimeout":"00:00:01.5000000","InIsolation":false,"KeepAlive":false,"AreTestCaseLevelEventsRequired":false,"IsDebug":false,"TestCaseFilter":null,"FilterOptions":null},"Package":null}}
TpTrace Verbose: 0 : 22008, 14, 2022/05/17, 16:48:36.556, 1794222262768, vstest.console.dll, TcpClientExtensions.MessageLoopAsync: NotifyDataAvailable remoteEndPoint: 127.0.0.1:54287 localEndPoint: 127.0.0.1:54285
TpTrace Verbose: 0 : 22008, 14, 2022/05/17, 16:48:36.557, 1794222264121, vstest.console.dll, TestRequestSender.OnExecutionMessageReceived: Received message: {"Version":2,"MessageType":"TestSession.Message","Payload":{"MessageLevel":0,"Message":"NUnit Adapter 3.16.1.0: Test execution started"}}
TpTrace Verbose: 0 : 22008, 14, 2022/05/17, 16:48:36.557, 1794222266097, vstest.console.dll, TestRunRequest:SendTestRunMessage: Starting.
TpTrace Information: 0 : 22008, 14, 2022/05/17, 16:48:36.557, 1794222266663, vstest.console.dll, TestRunRequest:SendTestRunMessage: Completed.
TpTrace Verbose: 0 : 22008, 14, 2022/05/17, 16:48:36.557, 1794222266994, vstest.console.dll, TcpClientExtensions.MessageLoopAsync: Polling on remoteEndPoint: 127.0.0.1:54287 localEndPoint: 127.0.0.1:54285
TpTrace Verbose: 0 : 22008, 14, 2022/05/17, 16:48:36.562, 1794222322809, vstest.console.dll, TcpClientExtensions.MessageLoopAsync: NotifyDataAvailable remoteEndPoint: 127.0.0.1:54287 localEndPoint: 127.0.0.1:54285
TpTrace Verbose: 0 : 22008, 14, 2022/05/17, 16:48:36.563, 1794222323988, vstest.console.dll, TestRequestSender.OnExecutionMessageReceived: Received message: {"Version":2,"MessageType":"TestSession.Message","Payload":{"MessageLevel":0,"Message":"Running all tests in D:\\Professional Stuffs\\HackFSE_TweetApp\\Backend\\com.tweetapp\\com.tweetapp.test\\bin\\Debug\\netcoreapp3.1\\fine-code-coverage\\build-output\\com.tweetapp.test.dll"}}
TpTrace Verbose: 0 : 22008, 14, 2022/05/17, 16:48:36.563, 1794222325799, vstest.console.dll, TestRunRequest:SendTestRunMessage: Starting.
TpTrace Information: 0 : 22008, 14, 2022/05/17, 16:48:36.563, 1794222326396, vstest.console.dll, TestRunRequest:SendTestRunMessage: Completed.
TpTrace Verbose: 0 : 22008, 14, 2022/05/17, 16:48:36.563, 1794222326770, vstest.console.dll, TcpClientExtensions.MessageLoopAsync: Polling on remoteEndPoint: 127.0.0.1:54287 localEndPoint: 127.0.0.1:54285
TpTrace Verbose: 0 : 22008, 14, 2022/05/17, 16:48:36.720, 1794223900400, vstest.console.dll, TcpClientExtensions.MessageLoopAsync: NotifyDataAvailable remoteEndPoint: 127.0.0.1:54287 localEndPoint: 127.0.0.1:54285
TpTrace Verbose: 0 : 22008, 14, 2022/05/17, 16:48:36.720, 1794223901937, vstest.console.dll, TestRequestSender.OnExecutionMessageReceived: Received message: {"Version":2,"MessageType":"TestSession.Message","Payload":{"MessageLevel":0,"Message":"   NUnit3TestExecutor converted 13 of 13 NUnit test cases"}}
TpTrace Verbose: 0 : 22008, 14, 2022/05/17, 16:48:36.721, 1794223903816, vstest.console.dll, TestRunRequest:SendTestRunMessage: Starting.
TpTrace Information: 0 : 22008, 14, 2022/05/17, 16:48:36.721, 1794223904416, vstest.console.dll, TestRunRequest:SendTestRunMessage: Completed.
TpTrace Verbose: 0 : 22008, 14, 2022/05/17, 16:48:36.721, 1794223904938, vstest.console.dll, TcpClientExtensions.MessageLoopAsync: Polling on remoteEndPoint: 127.0.0.1:54287 localEndPoint: 127.0.0.1:54285
TpTrace Verbose: 0 : 22008, 14, 2022/05/17, 16:48:36.835, 1794225044478, vstest.console.dll, TcpClientExtensions.MessageLoopAsync: NotifyDataAvailable remoteEndPoint: 127.0.0.1:54287 localEndPoint: 127.0.0.1:54285
TpTrace Verbose: 0 : 22008, 14, 2022/05/17, 16:48:36.835, 1794225047594, vstest.console.dll, TestRequestSender.OnExecutionMessageReceived: Received message: {"Version":2,"MessageType":"TestExecution.StatsChange","Payload":{"NewTestResults":[{"TestCase":{"Id":"6b0fadd5-2746-e126-88a0-d430c19494fd","FullyQualifiedName":"com.tweetapp.test.Tests.CreateTweetAsync_test","DisplayName":"CreateTweetAsync_test","ExecutorUri":"executor://NUnit3TestExecutor","Source":"D:\\Professional Stuffs\\HackFSE_TweetApp\\Backend\\com.tweetapp\\com.tweetapp.test\\bin\\Debug\\netcoreapp3.1\\fine-code-coverage\\build-output\\com.tweetapp.test.dll","CodeFilePath":null,"LineNumber":0,"Properties":[]},"Attachments":[],"Outcome":2,"ErrorMessage":"System.NullReferenceException : Object reference not set to an instance of an object.","ErrorStackTrace":"   at com.tweetapp.test.Tests.Setup() in D:\\Professional Stuffs\\HackFSE_TweetApp\\Backend\\com.tweetapp\\com.tweetapp.test\\MapperTests.cs:line 47","DisplayName":"CreateTweetAsync_test","Messages":[],"ComputerName":"LAPTOP-GHB30901","Duration":"00:00:00.0236509","StartTime":"2022-05-17T11:18:36+00:00","EndTime":"2022-05-17T11:18:36+00:00","Properties":[]},{"TestCase":{"Id":"e9a1ad55-774e-c32c-54c2-9ce7f475b826","FullyQualifiedName":"com.tweetapp.test.Tests.CreateUserAsync_test","DisplayName":"CreateUserAsync_test","ExecutorUri":"executor://NUnit3TestExecutor","Source":"D:\\Professional Stuffs\\HackFSE_TweetApp\\Backend\\com.tweetapp\\com.tweetapp.test\\bin\\Debug\\netcoreapp3.1\\fine-code-coverage\\build-output\\com.tweetapp.test.dll","CodeFilePath":null,"LineNumber":0,"Properties":[]},"Attachments":[],"Outcome":2,"ErrorMessage":"System.NullReferenceException : Object reference not set to an instance of an object.","ErrorStackTrace":"   at com.tweetapp.test.Tests.Setup() in D:\\Professional Stuffs\\HackFSE_TweetApp\\Backend\\com.tweetapp\\com.tweetapp.test\\MapperTests.cs:line 47","DisplayName":"CreateUserAsync_test","Messages":[],"ComputerName":"LAPTOP-GHB30901","Duration":"00:00:00.0003850","StartTime":"2022-05-17T11:18:36+00:00","EndTime":"2022-05-17T11:18:36+00:00","Properties":[]},{"TestCase":{"Id":"8165b4a9-48f9-d1a4-e97c-7718b9d2d7f2","FullyQualifiedName":"com.tweetapp.test.Tests.DeleteTweet_test","DisplayName":"DeleteTweet_test","ExecutorUri":"executor://NUnit3TestExecutor","Source":"D:\\Professional Stuffs\\HackFSE_TweetApp\\Backend\\com.tweetapp\\com.tweetapp.test\\bin\\Debug\\netcoreapp3.1\\fine-code-coverage\\build-output\\com.tweetapp.test.dll","CodeFilePath":null,"LineNumber":0,"Properties":[]},"Attachments":[],"Outcome":2,"ErrorMessage":"System.NullReferenceException : Object reference not set to an instance of an object.","ErrorStackTrace":"   at com.tweetapp.test.Tests.Setup() in D:\\Professional Stuffs\\HackFSE_TweetApp\\Backend\\com.tweetapp\\com.tweetapp.test\\MapperTests.cs:line 47","DisplayName":"DeleteTweet_test","Messages":[],"ComputerName":"LAPTOP-GHB30901","Duration":"00:00:00.0002270","StartTime":"2022-05-17T11:18:36+00:00","EndTime":"2022-05-17T11:18:36+00:00","Properties":[]},{"TestCase":{"Id":"f23f241c-6353-345f-039e-993b23c031da","FullyQualifiedName":"com.tweetapp.test.Tests.GetAllTweetsAsync_test","DisplayName":"GetAllTweetsAsync_test","ExecutorUri":"executor://NUnit3TestExecutor","Source":"D:\\Professional Stuffs\\HackFSE_TweetApp\\Backend\\com.tweetapp\\com.tweetapp.test\\bin\\Debug\\netcoreapp3.1\\fine-code-coverage\\build-output\\com.tweetapp.test.dll","CodeFilePath":null,"LineNumber":0,"Properties":[]},"Attachments":[],"Outcome":2,"ErrorMessage":"System.NullReferenceException : Object reference not set to an instance of an object.","ErrorStackTrace":"   at com.tweetapp.test.Tests.Setup() in D:\\Professional Stuffs\\HackFSE_TweetApp\\Backend\\com.tweetapp\\com.tweetapp.test\\MapperTests.cs:line 47","DisplayName":"GetAllTweetsAsync_test","Messages":[],"ComputerName":"LAPTOP-GHB30901","Duration":"00:00:00.0002140","StartTime":"2022-05-17T11:18:36+00:00","EndTime":"2022-05-17T11:18:36+00:00","Properties":[]},{"TestCase":{"Id":"7cc5a0f1-1020-cde8-0a53-525e3904b792","FullyQualifiedName":"com.tweetapp.test.Tests.GetAllUsersAsync_test","DisplayName":"GetAllUsersAsync_test","ExecutorUri":"executor://NUnit3TestExecutor","Source":"D:\\Professional Stuffs\\HackFSE_TweetApp\\Backend\\com.tweetapp\\com.tweetapp.test\\bin\\Debug\\netcoreapp3.1\\fine-code-coverage\\build-output\\com.tweetapp.test.dll","CodeFilePath":null,"LineNumber":0,"Properties":[]},"Attachments":[],"Outcome":2,"ErrorMessage":"System.NullReferenceException : Object reference not set to an instance of an object.","ErrorStackTrace":"   at com.tweetapp.test.Tests.Setup() in D:\\Professional Stuffs\\HackFSE_TweetApp\\Backend\\com.tweetapp\\com.tweetapp.test\\MapperTests.cs:line 47","DisplayName":"GetAllUsersAsync_test","Messages":[],"ComputerName":"LAPTOP-GHB30901","Duration":"00:00:00.0002060","StartTime":"2022-05-17T11:18:36+00:00","EndTime":"2022-05-17T11:18:36+00:00","Properties":[]},{"TestCase":{"Id":"74d77831-5e20-445f-3873-77aa51cb8ecb","FullyQualifiedName":"com.tweetapp.test.Tests.GetTweetById_test","DisplayName":"GetTweetById_test","ExecutorUri":"executor://NUnit3TestExecutor","Source":"D:\\Professional Stuffs\\HackFSE_TweetApp\\Backend\\com.tweetapp\\com.tweetapp.test\\bin\\Debug\\netcoreapp3.1\\fine-code-coverage\\build-output\\com.tweetapp.test.dll","CodeFilePath":null,"LineNumber":0,"Properties":[]},"Attachments":[],"Outcome":2,"ErrorMessage":"System.NullReferenceException : Object reference not set to an instance of an object.","ErrorStackTrace":"   at com.tweetapp.test.Tests.Setup() in D:\\Professional Stuffs\\HackFSE_TweetApp\\Backend\\com.tweetapp\\com.tweetapp.test\\MapperTests.cs:line 47","DisplayName":"GetTweetById_test","Messages":[],"ComputerName":"LAPTOP-GHB30901","Duration":"00:00:00.0002020","StartTime":"2022-05-17T11:18:36+00:00","EndTime":"2022-05-17T11:18:36+00:00","Properties":[]},{"TestCase":{"Id":"3054d2b2-0162-6b4a-d05c-550e7f038419","FullyQualifiedName":"com.tweetapp.test.Tests.GetTweetsForUsers_test","DisplayName":"GetTweetsForUsers_test","ExecutorUri":"executor://NUnit3TestExecutor","Source":"D:\\Professional Stuffs\\HackFSE_TweetApp\\Backend\\com.tweetapp\\com.tweetapp.test\\bin\\Debug\\netcoreapp3.1\\fine-code-coverage\\build-output\\com.tweetapp.test.dll","CodeFilePath":null,"LineNumber":0,"Properties":[]},"Attachments":[],"Outcome":2,"ErrorMessage":"System.NullReferenceException : Object reference not set to an instance of an object.","ErrorStackTrace":"   at com.tweetapp.test.Tests.Setup() in D:\\Professional Stuffs\\HackFSE_TweetApp\\Backend\\com.tweetapp\\com.tweetapp.test\\MapperTests.cs:line 47","DisplayName":"GetTweetsForUsers_test","Messages":[],"ComputerName":"LAPTOP-GHB30901","Duration":"00:00:00.0002110","StartTime":"2022-05-17T11:18:36+00:00","EndTime":"2022-05-17T11:18:36+00:00","Properties":[]},{"TestCase":{"Id":"b695c12f-5f00-2896-89af-cdc3703d9ca4","FullyQualifiedName":"com.tweetapp.test.Tests.GetUserByEmailId_test","DisplayName":"GetUserByEmailId_test","ExecutorUri":"executor://NUnit3TestExecutor","Source":"D:\\Professional Stuffs\\HackFSE_TweetApp\\Backend\\com.tweetapp\\com.tweetapp.test\\bin\\Debug\\netcoreapp3.1\\fine-code-coverage\\build-output\\com.tweetapp.test.dll","CodeFilePath":null,"LineNumber":0,"Properties":[]},"Attachments":[],"Outcome":2,"ErrorMessage":"System.NullReferenceException : Object reference not set to an instance of an object.","ErrorStackTrace":"   at com.tweetapp.test.Tests.Setup() in D:\\Professional Stuffs\\HackFSE_TweetApp\\Backend\\com.tweetapp\\com.tweetapp.test\\MapperTests.cs:line 47","DisplayName":"GetUserByEmailId_test","Messages":[],"ComputerName":"LAPTOP-GHB30901","Duration":"00:00:00.0002010","StartTime":"2022-05-17T11:18:36+00:00","EndTime":"2022-05-17T11:18:36+00:00","Properties":[]},{"TestCase":{"Id":"a0b136b8-79ba-763c-5328-799584eb0d0b","FullyQualifiedName":"com.tweetapp.test.Tests.GetUserByLoginId_test","DisplayName":"GetUserByLoginId_test","ExecutorUri":"executor://NUnit3TestExecutor","Source":"D:\\Professional Stuffs\\HackFSE_TweetApp\\Backend\\com.tweetapp\\com.tweetapp.test\\bin\\Debug\\netcoreapp3.1\\fine-code-coverage\\build-output\\com.tweetapp.test.dll","CodeFilePath":null,"LineNumber":0,"Properties":[]},"Attachments":[],"Outcome":2,"ErrorMessage":"System.NullReferenceException : Object reference not set to an instance of an object.","ErrorStackTrace":"   at com.tweetapp.test.Tests.Setup() in D:\\Professional Stuffs\\HackFSE_TweetApp\\Backend\\com.tweetapp\\com.tweetapp.test\\MapperTests.cs:line 47","DisplayName":"GetUserByLoginId_test","Messages":[],"ComputerName":"LAPTOP-GHB30901","Duration":"00:00:00.0002060","StartTime":"2022-05-17T11:18:36+00:00","EndTime":"2022-05-17T11:18:36+00:00","Properties":[]}],"TestRunStatistics":{"ExecutedTests":9,"Stats":{"Failed":9}},"ActiveTests":[{"Id":"a91bb7f2-f159-6add-d35b-aa24fb4eeb08","FullyQualifiedName":"com.tweetapp.test.Tests.GetUserBySearchPattern_test","DisplayName":"GetUserBySearchPattern_test","ExecutorUri":"executor://NUnit3TestExecutor","Source":"D:\\Professional Stuffs\\HackFSE_TweetApp\\Backend\\com.tweetapp\\com.tweetapp.test\\bin\\Debug\\netcoreapp3.1\\fine-code-coverage\\build-output\\com.tweetapp.test.dll","CodeFilePath":null,"LineNumber":0,"Properties":[]}]}}
TpTrace Verbose: 0 : 22008, 14, 2022/05/17, 16:48:36.856, 1794225259349, vstest.console.dll, TestRunRequest:SendTestRunStatsChange: Starting.
TpTrace Verbose: 0 : 22008, 14, 2022/05/17, 16:48:36.856, 1794225260459, vstest.console.dll, InProgress is GetUserBySearchPattern_test
TpTrace Information: 0 : 22008, 14, 2022/05/17, 16:48:36.856, 1794225262064, vstest.console.dll, TestRunRequest:SendTestRunStatsChange: Completed.
TpTrace Verbose: 0 : 22008, 14, 2022/05/17, 16:48:36.856, 1794225262429, vstest.console.dll, TcpClientExtensions.MessageLoopAsync: Polling on remoteEndPoint: 127.0.0.1:54287 localEndPoint: 127.0.0.1:54285
TpTrace Verbose: 0 : 22008, 14, 2022/05/17, 16:48:36.856, 1794225262858, vstest.console.dll, TcpClientExtensions.MessageLoopAsync: NotifyDataAvailable remoteEndPoint: 127.0.0.1:54287 localEndPoint: 127.0.0.1:54285
TpTrace Verbose: 0 : 22008, 14, 2022/05/17, 16:48:36.856, 1794225263322, vstest.console.dll, TestRequestSender.OnExecutionMessageReceived: Received message: {"Version":2,"MessageType":"TestSession.Message","Payload":{"MessageLevel":0,"Message":"NUnit Adapter 3.16.1.0: Test execution complete"}}
TpTrace Verbose: 0 : 22008, 14, 2022/05/17, 16:48:36.857, 1794225264568, vstest.console.dll, TestRunRequest:SendTestRunMessage: Starting.
TpTrace Information: 0 : 22008, 14, 2022/05/17, 16:48:36.857, 1794225265020, vstest.console.dll, TestRunRequest:SendTestRunMessage: Completed.
TpTrace Verbose: 0 : 22008, 14, 2022/05/17, 16:48:36.857, 1794225265312, vstest.console.dll, TcpClientExtensions.MessageLoopAsync: Polling on remoteEndPoint: 127.0.0.1:54287 localEndPoint: 127.0.0.1:54285
TpTrace Verbose: 0 : 22008, 14, 2022/05/17, 16:48:36.867, 1794225366065, vstest.console.dll, TcpClientExtensions.MessageLoopAsync: NotifyDataAvailable remoteEndPoint: 127.0.0.1:54287 localEndPoint: 127.0.0.1:54285
TpTrace Verbose: 0 : 22008, 14, 2022/05/17, 16:48:36.867, 1794225367431, vstest.console.dll, TestRequestSender.OnExecutionMessageReceived: Received message: {"Version":2,"MessageType":"TestExecution.Completed","Payload":{"TestRunCompleteArgs":{"TestRunStatistics":{"ExecutedTests":13,"Stats":{"Failed":13}},"IsCanceled":false,"IsAborted":false,"Error":null,"AttachmentSets":[],"ElapsedTimeInRunningTests":"00:00:00.3129918","Metrics":{}},"LastRunTests":{"NewTestResults":[{"TestCase":{"Id":"a91bb7f2-f159-6add-d35b-aa24fb4eeb08","FullyQualifiedName":"com.tweetapp.test.Tests.GetUserBySearchPattern_test","DisplayName":"GetUserBySearchPattern_test","ExecutorUri":"executor://NUnit3TestExecutor","Source":"D:\\Professional Stuffs\\HackFSE_TweetApp\\Backend\\com.tweetapp\\com.tweetapp.test\\bin\\Debug\\netcoreapp3.1\\fine-code-coverage\\build-output\\com.tweetapp.test.dll","CodeFilePath":null,"LineNumber":0,"Properties":[]},"Attachments":[],"Outcome":2,"ErrorMessage":"System.NullReferenceException : Object reference not set to an instance of an object.","ErrorStackTrace":"   at com.tweetapp.test.Tests.Setup() in D:\\Professional Stuffs\\HackFSE_TweetApp\\Backend\\com.tweetapp\\com.tweetapp.test\\MapperTests.cs:line 47","DisplayName":"GetUserBySearchPattern_test","Messages":[],"ComputerName":"LAPTOP-GHB30901","Duration":"00:00:00.0002040","StartTime":"2022-05-17T11:18:36+00:00","EndTime":"2022-05-17T11:18:36+00:00","Properties":[]},{"TestCase":{"Id":"17e1e963-e8d3-4f13-70af-5c62731a3507","FullyQualifiedName":"com.tweetapp.test.Tests.InsertException_GetExceptionById_tests","DisplayName":"InsertException_GetExceptionById_tests","ExecutorUri":"executor://NUnit3TestExecutor","Source":"D:\\Professional Stuffs\\HackFSE_TweetApp\\Backend\\com.tweetapp\\com.tweetapp.test\\bin\\Debug\\netcoreapp3.1\\fine-code-coverage\\build-output\\com.tweetapp.test.dll","CodeFilePath":null,"LineNumber":0,"Properties":[]},"Attachments":[],"Outcome":2,"ErrorMessage":"System.NullReferenceException : Object reference not set to an instance of an object.","ErrorStackTrace":"   at com.tweetapp.test.Tests.Setup() in D:\\Professional Stuffs\\HackFSE_TweetApp\\Backend\\com.tweetapp\\com.tweetapp.test\\MapperTests.cs:line 47","DisplayName":"InsertException_GetExceptionById_tests","Messages":[],"ComputerName":"LAPTOP-GHB30901","Duration":"00:00:00.0002040","StartTime":"2022-05-17T11:18:36+00:00","EndTime":"2022-05-17T11:18:36+00:00","Properties":[]},{"TestCase":{"Id":"5de429fe-7ed4-f477-ebde-5cc0d19c63e2","FullyQualifiedName":"com.tweetapp.test.Tests.UpdateTweetAsync_test","DisplayName":"UpdateTweetAsync_test","ExecutorUri":"executor://NUnit3TestExecutor","Source":"D:\\Professional Stuffs\\HackFSE_TweetApp\\Backend\\com.tweetapp\\com.tweetapp.test\\bin\\Debug\\netcoreapp3.1\\fine-code-coverage\\build-output\\com.tweetapp.test.dll","CodeFilePath":null,"LineNumber":0,"Properties":[]},"Attachments":[],"Outcome":2,"ErrorMessage":"System.NullReferenceException : Object reference not set to an instance of an object.","ErrorStackTrace":"   at com.tweetapp.test.Tests.Setup() in D:\\Professional Stuffs\\HackFSE_TweetApp\\Backend\\com.tweetapp\\com.tweetapp.test\\MapperTests.cs:line 47","DisplayName":"UpdateTweetAsync_test","Messages":[],"ComputerName":"LAPTOP-GHB30901","Duration":"00:00:00.0002070","StartTime":"2022-05-17T11:18:36+00:00","EndTime":"2022-05-17T11:18:36+00:00","Properties":[]},{"TestCase":{"Id":"c29b70f7-da63-8515-0612-1a8be3699fa7","FullyQualifiedName":"com.tweetapp.test.Tests.UpdateUserAsync_test","DisplayName":"UpdateUserAsync_test","ExecutorUri":"executor://NUnit3TestExecutor","Source":"D:\\Professional Stuffs\\HackFSE_TweetApp\\Backend\\com.tweetapp\\com.tweetapp.test\\bin\\Debug\\netcoreapp3.1\\fine-code-coverage\\build-output\\com.tweetapp.test.dll","CodeFilePath":null,"LineNumber":0,"Properties":[]},"Attachments":[],"Outcome":2,"ErrorMessage":"System.NullReferenceException : Object reference not set to an instance of an object.","ErrorStackTrace":"   at com.tweetapp.test.Tests.Setup() in D:\\Professional Stuffs\\HackFSE_TweetApp\\Backend\\com.tweetapp\\com.tweetapp.test\\MapperTests.cs:line 47","DisplayName":"UpdateUserAsync_test","Messages":[],"ComputerName":"LAPTOP-GHB30901","Duration":"00:00:00.0002040","StartTime":"2022-05-17T11:18:36+00:00","EndTime":"2022-05-17T11:18:36+00:00","Properties":[]}],"TestRunStatistics":{"ExecutedTests":13,"Stats":{"Failed":13}},"ActiveTests":[]},"RunAttachments":[],"ExecutorUris":["executor://nunit3testexecutor/"]}}
TpTrace Verbose: 0 : 22008, 14, 2022/05/17, 16:48:36.867, 1794225369622, vstest.console.dll, TestRequestSender.EndSession: Sending end session.
TpTrace Verbose: 0 : 22008, 14, 2022/05/17, 16:48:36.867, 1794225370489, vstest.console.dll, ProxyOperationManager.Close: waiting for test host to exit for 100 ms
TpTrace Warning: 0 : 22008, 12, 2022/05/17, 16:48:36.882, 1794225522049, vstest.console.dll, TestHostManagerCallbacks.ErrorReceivedCallback Test host standard error line: 
TpTrace Verbose: 0 : 22008, 7, 2022/05/17, 16:48:36.888, 1794225579493, vstest.console.dll, TestHostProvider.ExitCallBack: Host exited starting callback.
TpTrace Information: 0 : 22008, 7, 2022/05/17, 16:48:36.888, 1794225583204, vstest.console.dll, TestHostManagerCallbacks.ExitCallBack: Testhost processId: 12660 exited with exitcode: 0 error: ''
TpTrace Verbose: 0 : 22008, 7, 2022/05/17, 16:48:36.889, 1794225583637, vstest.console.dll, DotnetTestHostManager.OnHostExited: invoking OnHostExited callback
TpTrace Verbose: 0 : 22008, 7, 2022/05/17, 16:48:36.889, 1794225584137, vstest.console.dll, CrossPlatEngine.TestHostManagerHostExited: calling on client process exit callback.
TpTrace Information: 0 : 22008, 7, 2022/05/17, 16:48:36.889, 1794225584627, vstest.console.dll, TestRequestSender.OnClientProcessExit: Test host process exited. Standard error: 
TpTrace Information: 0 : 22008, 7, 2022/05/17, 16:48:36.889, 1794225584998, vstest.console.dll, SocketServer.Stop: Stop server endPoint: 127.0.0.1:54285
TpTrace Information: 0 : 22008, 7, 2022/05/17, 16:48:36.889, 1794225585249, vstest.console.dll, SocketServer.Stop: Cancellation requested. Stopping message loop.
TpTrace Warning: 0 : 22008, 14, 2022/05/17, 16:48:36.889, 1794225585046, vstest.console.dll, ProxyOperationManager: Timed out waiting for test host to exit. Will terminate process.
TpTrace Verbose: 0 : 22008, 14, 2022/05/17, 16:48:36.889, 1794225589162, vstest.console.dll, ProxyDataCollectionManager.InvokeDataCollectionServiceAction: Starting.
TpTrace Information: 0 : 22008, 14, 2022/05/17, 16:48:36.889, 1794225589586, vstest.console.dll, ProxyDataCollectionManager.AfterTestRunEnd: Get attachment set for datacollector processId: 5108 port: 54282
TpTrace Verbose: 0 : 22008, 14, 2022/05/17, 16:48:36.889, 1794225589980, vstest.console.dll, DataCollectionRequestSender.SendAfterTestRunStartAndGetResult : Send AfterTestRunEnd message with isCancelled: False
TpTrace Verbose: 0 : 22008, 14, 2022/05/17, 16:48:36.892, 1794225619297, vstest.console.dll, DataCollectionRequestSender.SendAfterTestRunStartAndGetResult : Received message: (DataCollection.AfterTestRunEndResult) -> {
  "AttachmentSets": [],
  "Metrics": {}
}
TpTrace Information: 0 : 22008, 14, 2022/05/17, 16:48:36.894, 1794225637177, vstest.console.dll, ProxyDataCollectionManager.InvokeDataCollectionServiceAction: Completed.
TpTrace Warning: 0 : 22008, 9, 2022/05/17, 16:48:36.895, 1794225653121, vstest.console.dll, DataCollectionLauncher.ErrorReceivedCallback datacollector standard error line: 
TpTrace Information: 0 : 22008, 7, 2022/05/17, 16:48:36.900, 1794225703035, vstest.console.dll, DataCollectionLauncher.ExitCallBack: Data collector exited with exitcode: 0 error: ''
TpTrace Verbose: 0 : 22008, 14, 2022/05/17, 16:48:36.911, 1794225811471, vstest.console.dll, TestRunRequest:SendTestRunStatsChange: Starting.
TpTrace Information: 0 : 22008, 14, 2022/05/17, 16:48:36.911, 1794225812569, vstest.console.dll, TestRunRequest:SendTestRunStatsChange: Completed.
TpTrace Verbose: 0 : 22008, 14, 2022/05/17, 16:48:36.912, 1794225813814, vstest.console.dll, ParallelProxyExecutionManager: HandlePartialRunComplete: Total completed clients = 1, Run complete = True, Run canceled: False.
TpTrace Verbose: 0 : 22008, 14, 2022/05/17, 16:48:36.930, 1794226001195, vstest.console.dll, TestRunRequest:TestRunComplete: Starting. IsAborted:False IsCanceled:False.
TpTrace Verbose: 0 : 22008, 14, 2022/05/17, 16:48:36.930, 1794226002489, vstest.console.dll, TestLoggerManager.HandleTestRunComplete: Ignoring as the object is disposed.
TpTrace Information: 0 : 22008, 14, 2022/05/17, 16:48:36.931, 1794226004355, vstest.console.dll, TestRunRequest:TestRunComplete: Completed.
TpTrace Verbose: 0 : 22008, 14, 2022/05/17, 16:48:36.931, 1794226004766, vstest.console.dll, TestRequestSender.SetOperationComplete: Setting operation complete.
TpTrace Verbose: 0 : 22008, 1, 2022/05/17, 16:48:36.931, 1794226005010, vstest.console.dll, TestRunRequest.Dispose: Starting.
TpTrace Information: 0 : 22008, 1, 2022/05/17, 16:48:36.931, 1794226005576, vstest.console.dll, TestRunRequest.Dispose: Completed.
TpTrace Information: 0 : 22008, 14, 2022/05/17, 16:48:36.931, 1794226005067, vstest.console.dll, SocketServer.Stop: Stop server endPoint: 127.0.0.1:54285
TpTrace Information: 0 : 22008, 14, 2022/05/17, 16:48:36.931, 1794226006310, vstest.console.dll, SocketServer.Stop: Cancellation requested. Stopping message loop.
TpTrace Information: 0 : 22008, 1, 2022/05/17, 16:48:36.931, 1794226005919, vstest.console.dll, TestRequestManager.RunTests: run tests completed.
TpTrace Information: 0 : 22008, 14, 2022/05/17, 16:48:36.931, 1794226006716, vstest.console.dll, SocketServer.PrivateStop: Stop server endPoint: 127.0.0.1:54285 error: 
TpTrace Information: 0 : 22008, 1, 2022/05/17, 16:48:36.931, 1794226007527, vstest.console.dll, RunTestsArgumentProcessor:Execute: Test run is completed.
TpTrace Verbose: 0 : 22008, 1, 2022/05/17, 16:48:36.931, 1794226009933, vstest.console.dll, Executor.Execute: Exiting with exit code of 1
TpTrace Verbose: 0 : 22008, 14, 2022/05/17, 16:48:36.931, 1794226012183, vstest.console.dll, LengthPrefixCommunicationChannel.Dispose: Dispose reader and writer.
TpTrace Information: 0 : 22008, 14, 2022/05/17, 16:48:36.931, 1794226012801, vstest.console.dll, SocketServer.Stop: Raise disconnected event endPoint: 127.0.0.1:54285 error: 
TpTrace Verbose: 0 : 22008, 14, 2022/05/17, 16:48:36.931, 1794226013315, vstest.console.dll, TestRequestSender: OnTestRunAbort: Operation is already complete. Skip error message.
TpTrace Verbose: 0 : 22008, 14, 2022/05/17, 16:48:36.932, 1794226013599, vstest.console.dll, TcpClientExtensions.MessageLoopAsync: exiting MessageLoopAsync remoteEndPoint: 127.0.0.1:54287 localEndPoint: 127.0.0.1:54285
